Replace Part 32 MRS25000C1000FRP00 in \\itsnas02.main.ad.rit.edu\KGCOE-Department\Student_Organizations\FSAE\F28\Electronics\BMS\Slave Board\BMSSlaveSchematic.SchDoc with MRS25000C1000FRP00 from Resistors.SchLib
Replace Part C0 CAP in \\itsnas02.main.ad.rit.edu\KGCOE-Department\Student_Organizations\FSAE\F28\Electronics\BMS\Slave Board\BMSSlaveSchematic.SchDoc with CAP from Altium Content Vault
Replace Part C1 CAP in \\itsnas02.main.ad.rit.edu\KGCOE-Department\Student_Organizations\FSAE\F28\Electronics\BMS\Slave Board\BMSSlaveSchematic.SchDoc with CAP from Altium Content Vault
Replace Part C2 CAP in \\itsnas02.main.ad.rit.edu\KGCOE-Department\Student_Organizations\FSAE\F28\Electronics\BMS\Slave Board\BMSSlaveSchematic.SchDoc with CAP from Altium Content Vault
Replace Part C3 CAP in \\itsnas02.main.ad.rit.edu\KGCOE-Department\Student_Organizations\FSAE\F28\Electronics\BMS\Slave Board\BMSSlaveSchematic.SchDoc with CAP from Altium Content Vault
Replace Part C4 CAP in \\itsnas02.main.ad.rit.edu\KGCOE-Department\Student_Organizations\FSAE\F28\Electronics\BMS\Slave Board\BMSSlaveSchematic.SchDoc with CAP from Altium Content Vault
Replace Part C5 C410C103K5R5TA7200 in \\itsnas02.main.ad.rit.edu\KGCOE-Department\Student_Organizations\FSAE\F28\Electronics\BMS\Slave Board\BMSSlaveSchematic.SchDoc with C410C103K5R5TA7200 from otherComponents.SchLib
Replace Part C6 C410C103K5R5TA7200 in \\itsnas02.main.ad.rit.edu\KGCOE-Department\Student_Organizations\FSAE\F28\Electronics\BMS\Slave Board\BMSSlaveSchematic.SchDoc with C410C103K5R5TA7200 from otherComponents.SchLib
Replace Part C7 C410C103K5R5TA7200 in \\itsnas02.main.ad.rit.edu\KGCOE-Department\Student_Organizations\FSAE\F28\Electronics\BMS\Slave Board\BMSSlaveSchematic.SchDoc with C410C103K5R5TA7200 from otherComponents.SchLib
Replace Part C8 C410C103K5R5TA7200 in \\itsnas02.main.ad.rit.edu\KGCOE-Department\Student_Organizations\FSAE\F28\Electronics\BMS\Slave Board\BMSSlaveSchematic.SchDoc with C410C103K5R5TA7200 from otherComponents.SchLib
Replace Part C9 C410C103K5R5TA7200 in \\itsnas02.main.ad.rit.edu\KGCOE-Department\Student_Organizations\FSAE\F28\Electronics\BMS\Slave Board\BMSSlaveSchematic.SchDoc with C410C103K5R5TA7200 from otherComponents.SchLib
Replace Part C10 C410C103K5R5TA7200 in \\itsnas02.main.ad.rit.edu\KGCOE-Department\Student_Organizations\FSAE\F28\Electronics\BMS\Slave Board\BMSSlaveSchematic.SchDoc with C410C103K5R5TA7200 from otherComponents.SchLib
Replace Part C11 C410C103K5R5TA7200 in \\itsnas02.main.ad.rit.edu\KGCOE-Department\Student_Organizations\FSAE\F28\Electronics\BMS\Slave Board\BMSSlaveSchematic.SchDoc with C410C103K5R5TA7200 from otherComponents.SchLib
Replace Part C12 C410C103K5R5TA7200 in \\itsnas02.main.ad.rit.edu\KGCOE-Department\Student_Organizations\FSAE\F28\Electronics\BMS\Slave Board\BMSSlaveSchematic.SchDoc with C410C103K5R5TA7200 from otherComponents.SchLib
Replace Part C14 C410C103K5R5TA7200 in \\itsnas02.main.ad.rit.edu\KGCOE-Department\Student_Organizations\FSAE\F28\Electronics\BMS\Slave Board\BMSSlaveSchematic.SchDoc with C410C103K5R5TA7200 from otherComponents.SchLib
Replace Part C16 C410C103K5R5TA7200 in \\itsnas02.main.ad.rit.edu\KGCOE-Department\Student_Organizations\FSAE\F28\Electronics\BMS\Slave Board\BMSSlaveSchematic.SchDoc with C410C103K5R5TA7200 from otherComponents.SchLib
Replace Part C17 CAP in \\itsnas02.main.ad.rit.edu\KGCOE-Department\Student_Organizations\FSAE\F28\Electronics\BMS\Slave Board\BMSSlaveSchematic.SchDoc with CAP from Altium Content Vault
Replace Part C18 CAP in \\itsnas02.main.ad.rit.edu\KGCOE-Department\Student_Organizations\FSAE\F28\Electronics\BMS\Slave Board\BMSSlaveSchematic.SchDoc with CAP from Altium Content Vault
Replace Part C19 CAP in \\itsnas02.main.ad.rit.edu\KGCOE-Department\Student_Organizations\FSAE\F28\Electronics\BMS\Slave Board\BMSSlaveSchematic.SchDoc with CAP from Altium Content Vault
Replace Part C20 CAP in \\itsnas02.main.ad.rit.edu\KGCOE-Department\Student_Organizations\FSAE\F28\Electronics\BMS\Slave Board\BMSSlaveSchematic.SchDoc with CAP from Altium Content Vault
Replace Part C21 CAP in \\itsnas02.main.ad.rit.edu\KGCOE-Department\Student_Organizations\FSAE\F28\Electronics\BMS\Slave Board\BMSSlaveSchematic.SchDoc with CAP from Altium Content Vault
Replace Part C22 C410C103K5R5TA7200 in \\itsnas02.main.ad.rit.edu\KGCOE-Department\Student_Organizations\FSAE\F28\Electronics\BMS\Slave Board\BMSSlaveSchematic.SchDoc with C410C103K5R5TA7200 from otherComponents.SchLib
Replace Part C23 C410C103K5R5TA7200 in \\itsnas02.main.ad.rit.edu\KGCOE-Department\Student_Organizations\FSAE\F28\Electronics\BMS\Slave Board\BMSSlaveSchematic.SchDoc with C410C103K5R5TA7200 from otherComponents.SchLib
Replace Part C24 C410C103K5R5TA7200 in \\itsnas02.main.ad.rit.edu\KGCOE-Department\Student_Organizations\FSAE\F28\Electronics\BMS\Slave Board\BMSSlaveSchematic.SchDoc with C410C103K5R5TA7200 from otherComponents.SchLib
Replace Part C25 C410C103K5R5TA7200 in \\itsnas02.main.ad.rit.edu\KGCOE-Department\Student_Organizations\FSAE\F28\Electronics\BMS\Slave Board\BMSSlaveSchematic.SchDoc with C410C103K5R5TA7200 from otherComponents.SchLib
Replace Part C26 C410C103K5R5TA7200 in \\itsnas02.main.ad.rit.edu\KGCOE-Department\Student_Organizations\FSAE\F28\Electronics\BMS\Slave Board\BMSSlaveSchematic.SchDoc with C410C103K5R5TA7200 from otherComponents.SchLib
Replace Part C27 C410C103K5R5TA7200 in \\itsnas02.main.ad.rit.edu\KGCOE-Department\Student_Organizations\FSAE\F28\Electronics\BMS\Slave Board\BMSSlaveSchematic.SchDoc with C410C103K5R5TA7200 from otherComponents.SchLib
Replace Part C28 C410C103K5R5TA7200 in \\itsnas02.main.ad.rit.edu\KGCOE-Department\Student_Organizations\FSAE\F28\Electronics\BMS\Slave Board\BMSSlaveSchematic.SchDoc with C410C103K5R5TA7200 from otherComponents.SchLib
Replace Part C29 C410C103K5R5TA7200 in \\itsnas02.main.ad.rit.edu\KGCOE-Department\Student_Organizations\FSAE\F28\Electronics\BMS\Slave Board\BMSSlaveSchematic.SchDoc with C410C103K5R5TA7200 from otherComponents.SchLib
Replace Part F0 0805 Fuse in \\itsnas02.main.ad.rit.edu\KGCOE-Department\Student_Organizations\FSAE\F28\Electronics\BMS\Slave Board\BMSSlaveSchematic.SchDoc with 0805 Fuse from Passives.IntLib
Replace Part F1 0805 Fuse in \\itsnas02.main.ad.rit.edu\KGCOE-Department\Student_Organizations\FSAE\F28\Electronics\BMS\Slave Board\BMSSlaveSchematic.SchDoc with 0805 Fuse from Passives.IntLib
Replace Part F2 0805 Fuse in \\itsnas02.main.ad.rit.edu\KGCOE-Department\Student_Organizations\FSAE\F28\Electronics\BMS\Slave Board\BMSSlaveSchematic.SchDoc with 0805 Fuse from Passives.IntLib
Replace Part F3 0805 Fuse in \\itsnas02.main.ad.rit.edu\KGCOE-Department\Student_Organizations\FSAE\F28\Electronics\BMS\Slave Board\BMSSlaveSchematic.SchDoc with 0805 Fuse from Passives.IntLib
Replace Part F4 0805 Fuse in \\itsnas02.main.ad.rit.edu\KGCOE-Department\Student_Organizations\FSAE\F28\Electronics\BMS\Slave Board\BMSSlaveSchematic.SchDoc with 0805 Fuse from Passives.IntLib
Replace Part F5 0805 Fuse in \\itsnas02.main.ad.rit.edu\KGCOE-Department\Student_Organizations\FSAE\F28\Electronics\BMS\Slave Board\BMSSlaveSchematic.SchDoc with 0805 Fuse from Passives.IntLib
Replace Part F6 0805 Fuse in \\itsnas02.main.ad.rit.edu\KGCOE-Department\Student_Organizations\FSAE\F28\Electronics\BMS\Slave Board\BMSSlaveSchematic.SchDoc with 0805 Fuse from Passives.IntLib
Replace Part F7 0805 Fuse in \\itsnas02.main.ad.rit.edu\KGCOE-Department\Student_Organizations\FSAE\F28\Electronics\BMS\Slave Board\BMSSlaveSchematic.SchDoc with 0805 Fuse from Passives.IntLib
Replace Part F8 0805 Fuse in \\itsnas02.main.ad.rit.edu\KGCOE-Department\Student_Organizations\FSAE\F28\Electronics\BMS\Slave Board\BMSSlaveSchematic.SchDoc with 0805 Fuse from Passives.IntLib
Replace Part F9 0805 Fuse in \\itsnas02.main.ad.rit.edu\KGCOE-Department\Student_Organizations\FSAE\F28\Electronics\BMS\Slave Board\BMSSlaveSchematic.SchDoc with 0805 Fuse from Passives.IntLib
Replace Part F10 0805 Fuse in \\itsnas02.main.ad.rit.edu\KGCOE-Department\Student_Organizations\FSAE\F28\Electronics\BMS\Slave Board\BMSSlaveSchematic.SchDoc with 0805 Fuse from Passives.IntLib
Replace Part F11 0805 Fuse in \\itsnas02.main.ad.rit.edu\KGCOE-Department\Student_Organizations\FSAE\F28\Electronics\BMS\Slave Board\BMSSlaveSchematic.SchDoc with 0805 Fuse from Passives.IntLib
Replace Part F12 0805 Fuse in \\itsnas02.main.ad.rit.edu\KGCOE-Department\Student_Organizations\FSAE\F28\Electronics\BMS\Slave Board\BMSSlaveSchematic.SchDoc with 0805 Fuse from Passives.IntLib
Replace Part F13 0805 Fuse in \\itsnas02.main.ad.rit.edu\KGCOE-Department\Student_Organizations\FSAE\F28\Electronics\BMS\Slave Board\BMSSlaveSchematic.SchDoc with 0805 Fuse from Passives.IntLib
Replace Part F14 0805 Fuse in \\itsnas02.main.ad.rit.edu\KGCOE-Department\Student_Organizations\FSAE\F28\Electronics\BMS\Slave Board\BMSSlaveSchematic.SchDoc with 0805 Fuse from Passives.IntLib
Replace Part F15 0805 Fuse in \\itsnas02.main.ad.rit.edu\KGCOE-Department\Student_Organizations\FSAE\F28\Electronics\BMS\Slave Board\BMSSlaveSchematic.SchDoc with 0805 Fuse from Passives.IntLib
Replace Part F16 0805 Fuse in \\itsnas02.main.ad.rit.edu\KGCOE-Department\Student_Organizations\FSAE\F28\Electronics\BMS\Slave Board\BMSSlaveSchematic.SchDoc with 0805 Fuse from Passives.IntLib
Replace Part F17 0805 Fuse in \\itsnas02.main.ad.rit.edu\KGCOE-Department\Student_Organizations\FSAE\F28\Electronics\BMS\Slave Board\BMSSlaveSchematic.SchDoc with 0805 Fuse from Passives.IntLib
Replace Part F18 0805 Fuse in \\itsnas02.main.ad.rit.edu\KGCOE-Department\Student_Organizations\FSAE\F28\Electronics\BMS\Slave Board\BMSSlaveSchematic.SchDoc with 0805 Fuse from Passives.IntLib
Replace Part F19 0805 Fuse in \\itsnas02.main.ad.rit.edu\KGCOE-Department\Student_Organizations\FSAE\F28\Electronics\BMS\Slave Board\BMSSlaveSchematic.SchDoc with 0805 Fuse from Passives.IntLib
Replace Part M0 NDS332P in \\itsnas02.main.ad.rit.edu\KGCOE-Department\Student_Organizations\FSAE\F28\Electronics\BMS\Slave Board\BMSSlaveSchematic.SchDoc with NDS332P from otherComponents.SchLib
Replace Part M1 NDS332P in \\itsnas02.main.ad.rit.edu\KGCOE-Department\Student_Organizations\FSAE\F28\Electronics\BMS\Slave Board\BMSSlaveSchematic.SchDoc with NDS332P from otherComponents.SchLib
Replace Part M2 NDS332P in \\itsnas02.main.ad.rit.edu\KGCOE-Department\Student_Organizations\FSAE\F28\Electronics\BMS\Slave Board\BMSSlaveSchematic.SchDoc with NDS332P from otherComponents.SchLib
Replace Part M3 NDS332P in \\itsnas02.main.ad.rit.edu\KGCOE-Department\Student_Organizations\FSAE\F28\Electronics\BMS\Slave Board\BMSSlaveSchematic.SchDoc with NDS332P from otherComponents.SchLib
Replace Part M4 NDS332P in \\itsnas02.main.ad.rit.edu\KGCOE-Department\Student_Organizations\FSAE\F28\Electronics\BMS\Slave Board\BMSSlaveSchematic.SchDoc with NDS332P from otherComponents.SchLib
Replace Part M5 NDS332P in \\itsnas02.main.ad.rit.edu\KGCOE-Department\Student_Organizations\FSAE\F28\Electronics\BMS\Slave Board\BMSSlaveSchematic.SchDoc with NDS332P from otherComponents.SchLib
Replace Part M6 NDS332P in \\itsnas02.main.ad.rit.edu\KGCOE-Department\Student_Organizations\FSAE\F28\Electronics\BMS\Slave Board\BMSSlaveSchematic.SchDoc with NDS332P from otherComponents.SchLib
Replace Part M7 NDS332P in \\itsnas02.main.ad.rit.edu\KGCOE-Department\Student_Organizations\FSAE\F28\Electronics\BMS\Slave Board\BMSSlaveSchematic.SchDoc with NDS332P from otherComponents.SchLib
Replace Part M8 NDS332P in \\itsnas02.main.ad.rit.edu\KGCOE-Department\Student_Organizations\FSAE\F28\Electronics\BMS\Slave Board\BMSSlaveSchematic.SchDoc with NDS332P from otherComponents.SchLib
Replace Part M9 NDS332P in \\itsnas02.main.ad.rit.edu\KGCOE-Department\Student_Organizations\FSAE\F28\Electronics\BMS\Slave Board\BMSSlaveSchematic.SchDoc with NDS332P from otherComponents.SchLib
Replace Part M10 NDS332P in \\itsnas02.main.ad.rit.edu\KGCOE-Department\Student_Organizations\FSAE\F28\Electronics\BMS\Slave Board\BMSSlaveSchematic.SchDoc with NDS332P from otherComponents.SchLib
Replace Part M11 NDS332P in \\itsnas02.main.ad.rit.edu\KGCOE-Department\Student_Organizations\FSAE\F28\Electronics\BMS\Slave Board\BMSSlaveSchematic.SchDoc with NDS332P from otherComponents.SchLib
Replace Part M12 NDS332P in \\itsnas02.main.ad.rit.edu\KGCOE-Department\Student_Organizations\FSAE\F28\Electronics\BMS\Slave Board\BMSSlaveSchematic.SchDoc with NDS332P from otherComponents.SchLib
Replace Part M13 NDS332P in \\itsnas02.main.ad.rit.edu\KGCOE-Department\Student_Organizations\FSAE\F28\Electronics\BMS\Slave Board\BMSSlaveSchematic.SchDoc with NDS332P from otherComponents.SchLib
Replace Part M14 NDS332P in \\itsnas02.main.ad.rit.edu\KGCOE-Department\Student_Organizations\FSAE\F28\Electronics\BMS\Slave Board\BMSSlaveSchematic.SchDoc with NDS332P from otherComponents.SchLib
Replace Part M15 NDS332P in \\itsnas02.main.ad.rit.edu\KGCOE-Department\Student_Organizations\FSAE\F28\Electronics\BMS\Slave Board\BMSSlaveSchematic.SchDoc with NDS332P from otherComponents.SchLib
Replace Part P0 HM2101NLT in \\itsnas02.main.ad.rit.edu\KGCOE-Department\Student_Organizations\FSAE\F28\Electronics\BMS\Slave Board\BMSSlaveSchematic.SchDoc with HM2101NLT from HM2101NLT.SchLib
Replace Part P1 HM2101NLT in \\itsnas02.main.ad.rit.edu\KGCOE-Department\Student_Organizations\FSAE\F28\Electronics\BMS\Slave Board\BMSSlaveSchematic.SchDoc with HM2101NLT from HM2101NLT.SchLib
Replace Part P2 HM2101NLT in \\itsnas02.main.ad.rit.edu\KGCOE-Department\Student_Organizations\FSAE\F28\Electronics\BMS\Slave Board\BMSSlaveSchematic.SchDoc with HM2101NLT from HM2101NLT.SchLib
Replace Part Q0 ONSC-NPN-B1C2E3C4-4 in \\itsnas02.main.ad.rit.edu\KGCOE-Department\Student_Organizations\FSAE\F28\Electronics\BMS\Slave Board\BMSSlaveSchematic.SchDoc with ONSC-NPN-B1C2E3C4-4 from Altium Content Vault
Replace Part Q1 ONSC-NPN-B1C2E3C4-4 in \\itsnas02.main.ad.rit.edu\KGCOE-Department\Student_Organizations\FSAE\F28\Electronics\BMS\Slave Board\BMSSlaveSchematic.SchDoc with ONSC-NPN-B1C2E3C4-4 from Altium Content Vault
Replace Part R0 MRS25000C1000FRP00 in \\itsnas02.main.ad.rit.edu\KGCOE-Department\Student_Organizations\FSAE\F28\Electronics\BMS\Slave Board\BMSSlaveSchematic.SchDoc with MRS25000C1000FRP00 from Resistors.SchLib
Replace Part R1 RES in \\itsnas02.main.ad.rit.edu\KGCOE-Department\Student_Organizations\FSAE\F28\Electronics\BMS\Slave Board\BMSSlaveSchematic.SchDoc with RES from Altium Content Vault
Replace Part R2 MRS25000C1000FRP00 in \\itsnas02.main.ad.rit.edu\KGCOE-Department\Student_Organizations\FSAE\F28\Electronics\BMS\Slave Board\BMSSlaveSchematic.SchDoc with MRS25000C1000FRP00 from Resistors.SchLib
Replace Part R3 RES in \\itsnas02.main.ad.rit.edu\KGCOE-Department\Student_Organizations\FSAE\F28\Electronics\BMS\Slave Board\BMSSlaveSchematic.SchDoc with RES from Altium Content Vault
Replace Part R4 RES in \\itsnas02.main.ad.rit.edu\KGCOE-Department\Student_Organizations\FSAE\F28\Electronics\BMS\Slave Board\BMSSlaveSchematic.SchDoc with RES from Altium Content Vault
Replace Part R5 RES in \\itsnas02.main.ad.rit.edu\KGCOE-Department\Student_Organizations\FSAE\F28\Electronics\BMS\Slave Board\BMSSlaveSchematic.SchDoc with RES from Altium Content Vault
Replace Part R6 MRS25000C1000FRP00 in \\itsnas02.main.ad.rit.edu\KGCOE-Department\Student_Organizations\FSAE\F28\Electronics\BMS\Slave Board\BMSSlaveSchematic.SchDoc with MRS25000C1000FRP00 from Resistors.SchLib
Replace Part R7 CFM14JT3K30 in \\itsnas02.main.ad.rit.edu\KGCOE-Department\Student_Organizations\FSAE\F28\Electronics\BMS\Slave Board\BMSSlaveSchematic.SchDoc with CFM14JT3K30 from Resistors.SchLib
Replace Part R8 MRS25000C1000FRP00 in \\itsnas02.main.ad.rit.edu\KGCOE-Department\Student_Organizations\FSAE\F28\Electronics\BMS\Slave Board\BMSSlaveSchematic.SchDoc with MRS25000C1000FRP00 from Resistors.SchLib
Replace Part R9 CFM14JT3K30 in \\itsnas02.main.ad.rit.edu\KGCOE-Department\Student_Organizations\FSAE\F28\Electronics\BMS\Slave Board\BMSSlaveSchematic.SchDoc with CFM14JT3K30 from Resistors.SchLib
Replace Part R10 MRS25000C1000FRP00 in \\itsnas02.main.ad.rit.edu\KGCOE-Department\Student_Organizations\FSAE\F28\Electronics\BMS\Slave Board\BMSSlaveSchematic.SchDoc with MRS25000C1000FRP00 from Resistors.SchLib
Replace Part R11 CFM14JT3K30 in \\itsnas02.main.ad.rit.edu\KGCOE-Department\Student_Organizations\FSAE\F28\Electronics\BMS\Slave Board\BMSSlaveSchematic.SchDoc with CFM14JT3K30 from Resistors.SchLib
Replace Part R12 MRS25000C1000FRP00 in \\itsnas02.main.ad.rit.edu\KGCOE-Department\Student_Organizations\FSAE\F28\Electronics\BMS\Slave Board\BMSSlaveSchematic.SchDoc with MRS25000C1000FRP00 from Resistors.SchLib
Replace Part R13 CFM14JT3K30 in \\itsnas02.main.ad.rit.edu\KGCOE-Department\Student_Organizations\FSAE\F28\Electronics\BMS\Slave Board\BMSSlaveSchematic.SchDoc with CFM14JT3K30 from Resistors.SchLib
Replace Part R14 MRS25000C1000FRP00 in \\itsnas02.main.ad.rit.edu\KGCOE-Department\Student_Organizations\FSAE\F28\Electronics\BMS\Slave Board\BMSSlaveSchematic.SchDoc with MRS25000C1000FRP00 from Resistors.SchLib
Replace Part R15 PR01000102009JR500 in \\itsnas02.main.ad.rit.edu\KGCOE-Department\Student_Organizations\FSAE\F28\Electronics\BMS\Slave Board\BMSSlaveSchematic.SchDoc with PR01000102009JR500 from Resistors.SchLib
Replace Part R16 PR01000102009JR500 in \\itsnas02.main.ad.rit.edu\KGCOE-Department\Student_Organizations\FSAE\F28\Electronics\BMS\Slave Board\BMSSlaveSchematic.SchDoc with PR01000102009JR500 from Resistors.SchLib
Replace Part R17 PR01000102009JR500 in \\itsnas02.main.ad.rit.edu\KGCOE-Department\Student_Organizations\FSAE\F28\Electronics\BMS\Slave Board\BMSSlaveSchematic.SchDoc with PR01000102009JR500 from Resistors.SchLib
Replace Part R18 PR01000102009JR500 in \\itsnas02.main.ad.rit.edu\KGCOE-Department\Student_Organizations\FSAE\F28\Electronics\BMS\Slave Board\BMSSlaveSchematic.SchDoc with PR01000102009JR500 from Resistors.SchLib
Replace Part R19 MRS25000C1000FRP00 in \\itsnas02.main.ad.rit.edu\KGCOE-Department\Student_Organizations\FSAE\F28\Electronics\BMS\Slave Board\BMSSlaveSchematic.SchDoc with MRS25000C1000FRP00 from Resistors.SchLib
Replace Part R20 CFM14JT3K30 in \\itsnas02.main.ad.rit.edu\KGCOE-Department\Student_Organizations\FSAE\F28\Electronics\BMS\Slave Board\BMSSlaveSchematic.SchDoc with CFM14JT3K30 from Resistors.SchLib
Replace Part R21 PR01000102009JR500 in \\itsnas02.main.ad.rit.edu\KGCOE-Department\Student_Organizations\FSAE\F28\Electronics\BMS\Slave Board\BMSSlaveSchematic.SchDoc with PR01000102009JR500 from Resistors.SchLib
Replace Part R22 MRS25000C1000FRP00 in \\itsnas02.main.ad.rit.edu\KGCOE-Department\Student_Organizations\FSAE\F28\Electronics\BMS\Slave Board\BMSSlaveSchematic.SchDoc with MRS25000C1000FRP00 from Resistors.SchLib
Replace Part R23 CFM14JT3K30 in \\itsnas02.main.ad.rit.edu\KGCOE-Department\Student_Organizations\FSAE\F28\Electronics\BMS\Slave Board\BMSSlaveSchematic.SchDoc with CFM14JT3K30 from Resistors.SchLib
Replace Part R24 MRS25000C1000FRP00 in \\itsnas02.main.ad.rit.edu\KGCOE-Department\Student_Organizations\FSAE\F28\Electronics\BMS\Slave Board\BMSSlaveSchematic.SchDoc with MRS25000C1000FRP00 from Resistors.SchLib
Replace Part R25 PR01000102009JR500 in \\itsnas02.main.ad.rit.edu\KGCOE-Department\Student_Organizations\FSAE\F28\Electronics\BMS\Slave Board\BMSSlaveSchematic.SchDoc with PR01000102009JR500 from Resistors.SchLib
Replace Part R26 CFM14JT3K30 in \\itsnas02.main.ad.rit.edu\KGCOE-Department\Student_Organizations\FSAE\F28\Electronics\BMS\Slave Board\BMSSlaveSchematic.SchDoc with CFM14JT3K30 from Resistors.SchLib
Replace Part R27 PR01000102009JR500 in \\itsnas02.main.ad.rit.edu\KGCOE-Department\Student_Organizations\FSAE\F28\Electronics\BMS\Slave Board\BMSSlaveSchematic.SchDoc with PR01000102009JR500 from Resistors.SchLib
Replace Part R28 MRS25000C1000FRP00 in \\itsnas02.main.ad.rit.edu\KGCOE-Department\Student_Organizations\FSAE\F28\Electronics\BMS\Slave Board\BMSSlaveSchematic.SchDoc with MRS25000C1000FRP00 from Resistors.SchLib
Replace Part R29 CFM14JT3K30 in \\itsnas02.main.ad.rit.edu\KGCOE-Department\Student_Organizations\FSAE\F28\Electronics\BMS\Slave Board\BMSSlaveSchematic.SchDoc with CFM14JT3K30 from Resistors.SchLib
Replace Part R30 PR01000102009JR500 in \\itsnas02.main.ad.rit.edu\KGCOE-Department\Student_Organizations\FSAE\F28\Electronics\BMS\Slave Board\BMSSlaveSchematic.SchDoc with PR01000102009JR500 from Resistors.SchLib
Replace Part R33 MRS25000C1000FRP00 in \\itsnas02.main.ad.rit.edu\KGCOE-Department\Student_Organizations\FSAE\F28\Electronics\BMS\Slave Board\BMSSlaveSchematic.SchDoc with MRS25000C1000FRP00 from Resistors.SchLib
Replace Part R35 RES in \\itsnas02.main.ad.rit.edu\KGCOE-Department\Student_Organizations\FSAE\F28\Electronics\BMS\Slave Board\BMSSlaveSchematic.SchDoc with RES from Altium Content Vault
Replace Part R36 RES in \\itsnas02.main.ad.rit.edu\KGCOE-Department\Student_Organizations\FSAE\F28\Electronics\BMS\Slave Board\BMSSlaveSchematic.SchDoc with RES from Altium Content Vault
Replace Part R37 RES in \\itsnas02.main.ad.rit.edu\KGCOE-Department\Student_Organizations\FSAE\F28\Electronics\BMS\Slave Board\BMSSlaveSchematic.SchDoc with RES from Altium Content Vault
Replace Part R38 MRS25000C1000FRP00 in \\itsnas02.main.ad.rit.edu\KGCOE-Department\Student_Organizations\FSAE\F28\Electronics\BMS\Slave Board\BMSSlaveSchematic.SchDoc with MRS25000C1000FRP00 from Resistors.SchLib
Replace Part R39 MRS25000C1000FRP00 in \\itsnas02.main.ad.rit.edu\KGCOE-Department\Student_Organizations\FSAE\F28\Electronics\BMS\Slave Board\BMSSlaveSchematic.SchDoc with MRS25000C1000FRP00 from Resistors.SchLib
Replace Part R40 RES in \\itsnas02.main.ad.rit.edu\KGCOE-Department\Student_Organizations\FSAE\F28\Electronics\BMS\Slave Board\BMSSlaveSchematic.SchDoc with RES from Altium Content Vault
Replace Part R41 MRS25000C1000FRP00 in \\itsnas02.main.ad.rit.edu\KGCOE-Department\Student_Organizations\FSAE\F28\Electronics\BMS\Slave Board\BMSSlaveSchematic.SchDoc with MRS25000C1000FRP00 from Resistors.SchLib
Replace Part R42 MRS25000C1000FRP00 in \\itsnas02.main.ad.rit.edu\KGCOE-Department\Student_Organizations\FSAE\F28\Electronics\BMS\Slave Board\BMSSlaveSchematic.SchDoc with MRS25000C1000FRP00 from Resistors.SchLib
Replace Part R43 MRS25000C1000FRP00 in \\itsnas02.main.ad.rit.edu\KGCOE-Department\Student_Organizations\FSAE\F28\Electronics\BMS\Slave Board\BMSSlaveSchematic.SchDoc with MRS25000C1000FRP00 from Resistors.SchLib
Replace Part R44 RES in \\itsnas02.main.ad.rit.edu\KGCOE-Department\Student_Organizations\FSAE\F28\Electronics\BMS\Slave Board\BMSSlaveSchematic.SchDoc with RES from Altium Content Vault
Replace Part R45 RES in \\itsnas02.main.ad.rit.edu\KGCOE-Department\Student_Organizations\FSAE\F28\Electronics\BMS\Slave Board\BMSSlaveSchematic.SchDoc with RES from Altium Content Vault
Replace Part R46 MRS25000C1000FRP00 in \\itsnas02.main.ad.rit.edu\KGCOE-Department\Student_Organizations\FSAE\F28\Electronics\BMS\Slave Board\BMSSlaveSchematic.SchDoc with MRS25000C1000FRP00 from Resistors.SchLib
Replace Part R47 CFM14JT3K30 in \\itsnas02.main.ad.rit.edu\KGCOE-Department\Student_Organizations\FSAE\F28\Electronics\BMS\Slave Board\BMSSlaveSchematic.SchDoc with CFM14JT3K30 from Resistors.SchLib
Replace Part R48 PR01000102009JR500 in \\itsnas02.main.ad.rit.edu\KGCOE-Department\Student_Organizations\FSAE\F28\Electronics\BMS\Slave Board\BMSSlaveSchematic.SchDoc with PR01000102009JR500 from Resistors.SchLib
Replace Part R49 MRS25000C1000FRP00 in \\itsnas02.main.ad.rit.edu\KGCOE-Department\Student_Organizations\FSAE\F28\Electronics\BMS\Slave Board\BMSSlaveSchematic.SchDoc with MRS25000C1000FRP00 from Resistors.SchLib
Replace Part R50 CFM14JT3K30 in \\itsnas02.main.ad.rit.edu\KGCOE-Department\Student_Organizations\FSAE\F28\Electronics\BMS\Slave Board\BMSSlaveSchematic.SchDoc with CFM14JT3K30 from Resistors.SchLib
Replace Part R51 PR01000102009JR500 in \\itsnas02.main.ad.rit.edu\KGCOE-Department\Student_Organizations\FSAE\F28\Electronics\BMS\Slave Board\BMSSlaveSchematic.SchDoc with PR01000102009JR500 from Resistors.SchLib
Replace Part R52 MRS25000C1000FRP00 in \\itsnas02.main.ad.rit.edu\KGCOE-Department\Student_Organizations\FSAE\F28\Electronics\BMS\Slave Board\BMSSlaveSchematic.SchDoc with MRS25000C1000FRP00 from Resistors.SchLib
Replace Part R53 CFM14JT3K30 in \\itsnas02.main.ad.rit.edu\KGCOE-Department\Student_Organizations\FSAE\F28\Electronics\BMS\Slave Board\BMSSlaveSchematic.SchDoc with CFM14JT3K30 from Resistors.SchLib
Replace Part R54 PR01000102009JR500 in \\itsnas02.main.ad.rit.edu\KGCOE-Department\Student_Organizations\FSAE\F28\Electronics\BMS\Slave Board\BMSSlaveSchematic.SchDoc with PR01000102009JR500 from Resistors.SchLib
Replace Part R55 MRS25000C1000FRP00 in \\itsnas02.main.ad.rit.edu\KGCOE-Department\Student_Organizations\FSAE\F28\Electronics\BMS\Slave Board\BMSSlaveSchematic.SchDoc with MRS25000C1000FRP00 from Resistors.SchLib
Replace Part R56 CFM14JT3K30 in \\itsnas02.main.ad.rit.edu\KGCOE-Department\Student_Organizations\FSAE\F28\Electronics\BMS\Slave Board\BMSSlaveSchematic.SchDoc with CFM14JT3K30 from Resistors.SchLib
Replace Part R57 PR01000102009JR500 in \\itsnas02.main.ad.rit.edu\KGCOE-Department\Student_Organizations\FSAE\F28\Electronics\BMS\Slave Board\BMSSlaveSchematic.SchDoc with PR01000102009JR500 from Resistors.SchLib
Replace Part R58 MRS25000C1000FRP00 in \\itsnas02.main.ad.rit.edu\KGCOE-Department\Student_Organizations\FSAE\F28\Electronics\BMS\Slave Board\BMSSlaveSchematic.SchDoc with MRS25000C1000FRP00 from Resistors.SchLib
Replace Part R59 MRS25000C1000FRP00 in \\itsnas02.main.ad.rit.edu\KGCOE-Department\Student_Organizations\FSAE\F28\Electronics\BMS\Slave Board\BMSSlaveSchematic.SchDoc with MRS25000C1000FRP00 from Resistors.SchLib
Replace Part R60 CFM14JT3K30 in \\itsnas02.main.ad.rit.edu\KGCOE-Department\Student_Organizations\FSAE\F28\Electronics\BMS\Slave Board\BMSSlaveSchematic.SchDoc with CFM14JT3K30 from Resistors.SchLib
Replace Part R61 PR01000102009JR500 in \\itsnas02.main.ad.rit.edu\KGCOE-Department\Student_Organizations\FSAE\F28\Electronics\BMS\Slave Board\BMSSlaveSchematic.SchDoc with PR01000102009JR500 from Resistors.SchLib
Replace Part R62 MRS25000C1000FRP00 in \\itsnas02.main.ad.rit.edu\KGCOE-Department\Student_Organizations\FSAE\F28\Electronics\BMS\Slave Board\BMSSlaveSchematic.SchDoc with MRS25000C1000FRP00 from Resistors.SchLib
Replace Part R63 CFM14JT3K30 in \\itsnas02.main.ad.rit.edu\KGCOE-Department\Student_Organizations\FSAE\F28\Electronics\BMS\Slave Board\BMSSlaveSchematic.SchDoc with CFM14JT3K30 from Resistors.SchLib
Replace Part R64 PR01000102009JR500 in \\itsnas02.main.ad.rit.edu\KGCOE-Department\Student_Organizations\FSAE\F28\Electronics\BMS\Slave Board\BMSSlaveSchematic.SchDoc with PR01000102009JR500 from Resistors.SchLib
Replace Part R65 MRS25000C1000FRP00 in \\itsnas02.main.ad.rit.edu\KGCOE-Department\Student_Organizations\FSAE\F28\Electronics\BMS\Slave Board\BMSSlaveSchematic.SchDoc with MRS25000C1000FRP00 from Resistors.SchLib
Replace Part R66 CFM14JT3K30 in \\itsnas02.main.ad.rit.edu\KGCOE-Department\Student_Organizations\FSAE\F28\Electronics\BMS\Slave Board\BMSSlaveSchematic.SchDoc with CFM14JT3K30 from Resistors.SchLib
Replace Part R67 PR01000102009JR500 in \\itsnas02.main.ad.rit.edu\KGCOE-Department\Student_Organizations\FSAE\F28\Electronics\BMS\Slave Board\BMSSlaveSchematic.SchDoc with PR01000102009JR500 from Resistors.SchLib
Replace Part R68 MRS25000C1000FRP00 in \\itsnas02.main.ad.rit.edu\KGCOE-Department\Student_Organizations\FSAE\F28\Electronics\BMS\Slave Board\BMSSlaveSchematic.SchDoc with MRS25000C1000FRP00 from Resistors.SchLib
Replace Part R69 CFM14JT3K30 in \\itsnas02.main.ad.rit.edu\KGCOE-Department\Student_Organizations\FSAE\F28\Electronics\BMS\Slave Board\BMSSlaveSchematic.SchDoc with CFM14JT3K30 from Resistors.SchLib
Replace Part R70 PR01000102009JR500 in \\itsnas02.main.ad.rit.edu\KGCOE-Department\Student_Organizations\FSAE\F28\Electronics\BMS\Slave Board\BMSSlaveSchematic.SchDoc with PR01000102009JR500 from Resistors.SchLib
Replace Part U0 LT-LTC6804-1-G-48 in \\itsnas02.main.ad.rit.edu\KGCOE-Department\Student_Organizations\FSAE\F28\Electronics\BMS\Slave Board\BMSSlaveSchematic.SchDoc with LT-LTC6804-1-G-48 from Altium Content Vault
Replace Part U? LT-LTC6804-1-G-48 in \\itsnas02.main.ad.rit.edu\KGCOE-Department\Student_Organizations\FSAE\F28\Electronics\BMS\Slave Board\BMSSlaveSchematic.SchDoc with LT-LTC6804-1-G-48 from Altium Content Vault
