Removed Pin From Net: NetName=1-C9 Pin=C5-1
Removed Pin From Net: NetName=1-C8 Pin=C6-1
Removed Pin From Net: NetName=1-C7 Pin=C7-1
Removed Pin From Net: NetName=1-C3 Pin=C9-1
Removed Pin From Net: NetName=1-C2 Pin=C10-1
Removed Pin From Net: NetName=1-C1 Pin=C11-1
Removed Pin From Net: NetName=1-C0 Pin=C12-1
Removed Pin From Net: NetName=2-C9 Pin=C22-1
Removed Pin From Net: NetName=2-C8 Pin=C23-1
Removed Pin From Net: NetName=2-C7 Pin=C24-1
Removed Pin From Net: NetName=2-C3 Pin=C26-1
Removed Pin From Net: NetName=2-C2 Pin=C27-1
Removed Pin From Net: NetName=2-C1 Pin=C28-1
Removed Pin From Net: NetName=1-C0 Pin=C29-1
Removed Pin From Net: NetName=2-C9 Pin=R50-1
Added Pin To Net: NetName=1-C10 Pin=C5-1
Added Pin To Net: NetName=1-C9 Pin=C5-2
Added Pin To Net: NetName=1-C9 Pin=C6-1
Added Pin To Net: NetName=1-C8 Pin=C6-2
Added Pin To Net: NetName=1-C8 Pin=C7-1
Added Pin To Net: NetName=1-C7 Pin=C7-2
Added Pin To Net: NetName=NetC8_2 Pin=C8-2
Added Pin To Net: NetName=1-C4 Pin=C9-1
Added Pin To Net: NetName=1-C3 Pin=C9-2
Added Pin To Net: NetName=1-C3 Pin=C10-1
Added Pin To Net: NetName=1-C2 Pin=C10-2
Added Pin To Net: NetName=1-C2 Pin=C11-1
Added Pin To Net: NetName=1-C1 Pin=C11-2
Added Pin To Net: NetName=1-C1 Pin=C12-1
Added Pin To Net: NetName=1-C0 Pin=C12-2
Added Pin To Net: NetName=1-C0 Pin=C14-1
Added Pin To Net: NetName=NetC16_1 Pin=C16-1
Added Pin To Net: NetName=2-C10 Pin=C22-1
Added Pin To Net: NetName=2-C9 Pin=C22-2
Added Pin To Net: NetName=2-C9 Pin=C23-1
Added Pin To Net: NetName=2-C8 Pin=C23-2
Added Pin To Net: NetName=2-C8 Pin=C24-1
Added Pin To Net: NetName=2-C7 Pin=C24-2
Added Pin To Net: NetName=TopMuxTerm-2 Pin=C25-2
Added Pin To Net: NetName=2-C4 Pin=C26-1
Added Pin To Net: NetName=2-C3 Pin=C26-2
Added Pin To Net: NetName=2-C3 Pin=C27-1
Added Pin To Net: NetName=2-C2 Pin=C27-2
Added Pin To Net: NetName=2-C2 Pin=C28-1
Added Pin To Net: NetName=2-C1 Pin=C28-2
Added Pin To Net: NetName=2-C1 Pin=C29-1
Added Pin To Net: NetName=1-C0 Pin=C29-2
Added Pin To Net: NetName=2-S9 Pin=R50-1
Added Net: Name=2-S9
