Added Pin To Net: NetName=IPB-1 Pin=32-2
Added Pin To Net: NetName=1-C9 Pin=C5-1
Added Pin To Net: NetName=1-C8 Pin=C6-1
Added Pin To Net: NetName=1-C7 Pin=C7-1
Added Pin To Net: NetName=1-C7 Pin=C8-1
Added Pin To Net: NetName=1-C3 Pin=C9-1
Added Pin To Net: NetName=1-C2 Pin=C10-1
Added Pin To Net: NetName=1-C1 Pin=C11-1
Added Pin To Net: NetName=1-C0 Pin=C12-1
Added Pin To Net: NetName=1-C0 Pin=C14-1
Added Pin To Net: NetName=1-C0 Pin=C16-1
Added Pin To Net: NetName=2-C9 Pin=C22-1
Added Pin To Net: NetName=2-C8 Pin=C23-1
Added Pin To Net: NetName=2-C7 Pin=C24-1
Added Pin To Net: NetName=2-C7 Pin=C25-1
Added Pin To Net: NetName=2-C3 Pin=C26-1
Added Pin To Net: NetName=2-C2 Pin=C27-1
Added Pin To Net: NetName=2-C1 Pin=C28-1
Added Pin To Net: NetName=1-C0 Pin=C29-1
Added Pin To Net: NetName=Vtop Pin=R0-1
Added Pin To Net: NetName=1-C10 Pin=R6-1
Added Pin To Net: NetName=NetF0_1 Pin=R6-2
Added Pin To Net: NetName=1-S10 Pin=R7-1
Added Pin To Net: NetName=NetM0_26 Pin=R7-2
Added Pin To Net: NetName=1-C9 Pin=R8-1
Added Pin To Net: NetName=NetF1_1 Pin=R8-2
Added Pin To Net: NetName=1-S9 Pin=R9-1
Added Pin To Net: NetName=NetM1_26 Pin=R9-2
Added Pin To Net: NetName=1-C8 Pin=R10-1
Added Pin To Net: NetName=NetF2_1 Pin=R10-2
Added Pin To Net: NetName=1-S8 Pin=R11-1
Added Pin To Net: NetName=NetM2_26 Pin=R11-2
Added Pin To Net: NetName=1-C7 Pin=R12-1
Added Pin To Net: NetName=NetF3_1 Pin=R12-2
Added Pin To Net: NetName=1-S7 Pin=R13-1
Added Pin To Net: NetName=NetM3_26 Pin=R13-2
Added Pin To Net: NetName=NetC8_2 Pin=R14-1
Added Pin To Net: NetName=NetF4_1 Pin=R14-2
Added Pin To Net: NetName=1-C4 Pin=R19-1
Added Pin To Net: NetName=NetF5_1 Pin=R19-2
Added Pin To Net: NetName=1-S4 Pin=R20-1
Added Pin To Net: NetName=NetM4_26 Pin=R20-2
Added Pin To Net: NetName=1-C3 Pin=R22-1
Added Pin To Net: NetName=NetF6_1 Pin=R22-2
Added Pin To Net: NetName=1-S3 Pin=R23-1
Added Pin To Net: NetName=NetM5_26 Pin=R23-2
Added Pin To Net: NetName=1-C2 Pin=R24-1
Added Pin To Net: NetName=NetF7_1 Pin=R24-2
Added Pin To Net: NetName=1-S2 Pin=R26-1
Added Pin To Net: NetName=NetM6_26 Pin=R26-2
Added Pin To Net: NetName=1-C1 Pin=R28-1
Added Pin To Net: NetName=NetF8_1 Pin=R28-2
Added Pin To Net: NetName=1-S1 Pin=R29-1
Added Pin To Net: NetName=NetM7_26 Pin=R29-2
Added Pin To Net: NetName=IMB-1 Pin=R33-1
Added Pin To Net: NetName=To2-A Pin=R38-1
Added Pin To Net: NetName=NetC16_1 Pin=R38-2
Added Pin To Net: NetName=NetC16_1 Pin=R39-1
Added Pin To Net: NetName=IMA-2 Pin=R39-2
Added Pin To Net: NetName=Vtop2 Pin=R41-1
Added Pin To Net: NetName=NetC18_1 Pin=R43-1
Added Pin To Net: NetName=Vtop2 Pin=R43-2
Added Pin To Net: NetName=2-C10 Pin=R46-1
Added Pin To Net: NetName=NetF10_1 Pin=R46-2
Added Pin To Net: NetName=2-S10 Pin=R47-1
Added Pin To Net: NetName=NetM8_26 Pin=R47-2
Added Pin To Net: NetName=2-C9 Pin=R49-1
Added Pin To Net: NetName=NetF11_1 Pin=R49-2
Added Pin To Net: NetName=2-S9 Pin=R50-1
Added Pin To Net: NetName=NetM9_26 Pin=R50-2
Added Pin To Net: NetName=2-C8 Pin=R52-1
Added Pin To Net: NetName=NetF12_1 Pin=R52-2
Added Pin To Net: NetName=2-S8 Pin=R53-1
Added Pin To Net: NetName=NetM10_26 Pin=R53-2
Added Pin To Net: NetName=2-C7 Pin=R55-1
Added Pin To Net: NetName=NetF13_1 Pin=R55-2
Added Pin To Net: NetName=2-S7 Pin=R56-1
Added Pin To Net: NetName=NetM11_26 Pin=R56-2
Added Pin To Net: NetName=TopMuxTerm-2 Pin=R58-1
Added Pin To Net: NetName=NetF14_1 Pin=R58-2
Added Pin To Net: NetName=2-C4 Pin=R59-1
Added Pin To Net: NetName=NetF15_1 Pin=R59-2
Added Pin To Net: NetName=2-S4 Pin=R60-1
Added Pin To Net: NetName=NetM12_26 Pin=R60-2
Added Pin To Net: NetName=2-C3 Pin=R62-1
Added Pin To Net: NetName=NetF16_1 Pin=R62-2
Added Pin To Net: NetName=2-S3 Pin=R63-1
Added Pin To Net: NetName=NetM13_26 Pin=R63-2
Added Pin To Net: NetName=2-C2 Pin=R65-1
Added Pin To Net: NetName=NetF17_1 Pin=R65-2
Added Pin To Net: NetName=2-S2 Pin=R66-1
Added Pin To Net: NetName=NetM14_26 Pin=R66-2
Added Pin To Net: NetName=2-C1 Pin=R68-1
Added Pin To Net: NetName=NetF18_1 Pin=R68-2
Added Pin To Net: NetName=2-S1 Pin=R69-1
Added Pin To Net: NetName=NetM15_26 Pin=R69-2
Added Pin To Net: NetName=Net32_1 Pin=32-1
Added Pin To Net: NetName=Net32_1 Pin=C14-1
Added Pin To Net: NetName=Net32_1 Pin=R33-2
Added Net: Name=Net32_1
Added Pin To Net: NetName=NetR0_2 Pin=R0-2
Added Pin To Net: NetName=NetR0_2 Pin=R2-2
Added Net: Name=NetR0_2
Added Pin To Net: NetName=NetR2_1 Pin=R2-1
Added Pin To Net: NetName=NetR2_1 Pin=U0-2
Added Pin To Net: NetName=NetR2_1 Pin=U0-4
Added Net: Name=NetR2_1
Added Pin To Net: NetName=NetR41_2 Pin=R41-2
Added Pin To Net: NetName=NetR41_2 Pin=R42-2
Added Net: Name=NetR41_2
Added Pin To Net: NetName=NetR42_1 Pin=R42-1
Added Pin To Net: NetName=NetR42_1 Pin=U?-2
Added Pin To Net: NetName=NetR42_1 Pin=U?-4
Added Net: Name=NetR42_1
