Added Component: Designator=F0(Cap, 0603)
Add component. Clean all parameters for all variants
Add component (AddParameter): Name = "Published"; Value = "22Oct2016"; VariantName = "[No Variations]"
Add component (AddParameter): Name = "Publisher"; Value = "T.Tallo"; VariantName = "[No Variations]"
Add component (AddParameter): Name = "Status"; Value = "Active"; VariantName = "[No Variations]"
Add component (AddParameter): Name = "TargetLibrary"; Value = "RITRacing-Passives"; VariantName = "[No Variations]"
Add component (AddParameter): Name = "Value"; Value = "Value?"; VariantName = "[No Variations]"
Added Component: Designator=F1(Cap, 0603)
Add component. Clean all parameters for all variants
Add component (AddParameter): Name = "Published"; Value = "22Oct2016"; VariantName = "[No Variations]"
Add component (AddParameter): Name = "Publisher"; Value = "T.Tallo"; VariantName = "[No Variations]"
Add component (AddParameter): Name = "Status"; Value = "Active"; VariantName = "[No Variations]"
Add component (AddParameter): Name = "TargetLibrary"; Value = "RITRacing-Passives"; VariantName = "[No Variations]"
Add component (AddParameter): Name = "Value"; Value = "Value?"; VariantName = "[No Variations]"
Added Component: Designator=F2(Cap, 0603)
Add component. Clean all parameters for all variants
Add component (AddParameter): Name = "Published"; Value = "22Oct2016"; VariantName = "[No Variations]"
Add component (AddParameter): Name = "Publisher"; Value = "T.Tallo"; VariantName = "[No Variations]"
Add component (AddParameter): Name = "Status"; Value = "Active"; VariantName = "[No Variations]"
Add component (AddParameter): Name = "TargetLibrary"; Value = "RITRacing-Passives"; VariantName = "[No Variations]"
Add component (AddParameter): Name = "Value"; Value = "Value?"; VariantName = "[No Variations]"
Added Component: Designator=F3(Cap, 0603)
Add component. Clean all parameters for all variants
Add component (AddParameter): Name = "Published"; Value = "22Oct2016"; VariantName = "[No Variations]"
Add component (AddParameter): Name = "Publisher"; Value = "T.Tallo"; VariantName = "[No Variations]"
Add component (AddParameter): Name = "Status"; Value = "Active"; VariantName = "[No Variations]"
Add component (AddParameter): Name = "TargetLibrary"; Value = "RITRacing-Passives"; VariantName = "[No Variations]"
Add component (AddParameter): Name = "Value"; Value = "Value?"; VariantName = "[No Variations]"
Added Component: Designator=F4(Cap, 0603)
Add component. Clean all parameters for all variants
Add component (AddParameter): Name = "Published"; Value = "22Oct2016"; VariantName = "[No Variations]"
Add component (AddParameter): Name = "Publisher"; Value = "T.Tallo"; VariantName = "[No Variations]"
Add component (AddParameter): Name = "Status"; Value = "Active"; VariantName = "[No Variations]"
Add component (AddParameter): Name = "TargetLibrary"; Value = "RITRacing-Passives"; VariantName = "[No Variations]"
Add component (AddParameter): Name = "Value"; Value = "Value?"; VariantName = "[No Variations]"
Added Component: Designator=F5(Cap, 0603)
Add component. Clean all parameters for all variants
Add component (AddParameter): Name = "Published"; Value = "22Oct2016"; VariantName = "[No Variations]"
Add component (AddParameter): Name = "Publisher"; Value = "T.Tallo"; VariantName = "[No Variations]"
Add component (AddParameter): Name = "Status"; Value = "Active"; VariantName = "[No Variations]"
Add component (AddParameter): Name = "TargetLibrary"; Value = "RITRacing-Passives"; VariantName = "[No Variations]"
Add component (AddParameter): Name = "Value"; Value = "Value?"; VariantName = "[No Variations]"
Added Component: Designator=F6(Cap, 0603)
Add component. Clean all parameters for all variants
Add component (AddParameter): Name = "Published"; Value = "22Oct2016"; VariantName = "[No Variations]"
Add component (AddParameter): Name = "Publisher"; Value = "T.Tallo"; VariantName = "[No Variations]"
Add component (AddParameter): Name = "Status"; Value = "Active"; VariantName = "[No Variations]"
Add component (AddParameter): Name = "TargetLibrary"; Value = "RITRacing-Passives"; VariantName = "[No Variations]"
Add component (AddParameter): Name = "Value"; Value = "Value?"; VariantName = "[No Variations]"
Added Component: Designator=F7(Cap, 0603)
Add component. Clean all parameters for all variants
Add component (AddParameter): Name = "Published"; Value = "22Oct2016"; VariantName = "[No Variations]"
Add component (AddParameter): Name = "Publisher"; Value = "T.Tallo"; VariantName = "[No Variations]"
Add component (AddParameter): Name = "Status"; Value = "Active"; VariantName = "[No Variations]"
Add component (AddParameter): Name = "TargetLibrary"; Value = "RITRacing-Passives"; VariantName = "[No Variations]"
Add component (AddParameter): Name = "Value"; Value = "Value?"; VariantName = "[No Variations]"
Added Component: Designator=F8(Cap, 0603)
Add component. Clean all parameters for all variants
Add component (AddParameter): Name = "Published"; Value = "22Oct2016"; VariantName = "[No Variations]"
Add component (AddParameter): Name = "Publisher"; Value = "T.Tallo"; VariantName = "[No Variations]"
Add component (AddParameter): Name = "Status"; Value = "Active"; VariantName = "[No Variations]"
Add component (AddParameter): Name = "TargetLibrary"; Value = "RITRacing-Passives"; VariantName = "[No Variations]"
Add component (AddParameter): Name = "Value"; Value = "Value?"; VariantName = "[No Variations]"
Added Component: Designator=F9(Cap, 0603)
Add component. Clean all parameters for all variants
Add component (AddParameter): Name = "Published"; Value = "22Oct2016"; VariantName = "[No Variations]"
Add component (AddParameter): Name = "Publisher"; Value = "T.Tallo"; VariantName = "[No Variations]"
Add component (AddParameter): Name = "Status"; Value = "Active"; VariantName = "[No Variations]"
Add component (AddParameter): Name = "TargetLibrary"; Value = "RITRacing-Passives"; VariantName = "[No Variations]"
Add component (AddParameter): Name = "Value"; Value = "Value?"; VariantName = "[No Variations]"
Added Component: Designator=F10(Cap, 0603)
Add component. Clean all parameters for all variants
Add component (AddParameter): Name = "Published"; Value = "22Oct2016"; VariantName = "[No Variations]"
Add component (AddParameter): Name = "Publisher"; Value = "T.Tallo"; VariantName = "[No Variations]"
Add component (AddParameter): Name = "Status"; Value = "Active"; VariantName = "[No Variations]"
Add component (AddParameter): Name = "TargetLibrary"; Value = "RITRacing-Passives"; VariantName = "[No Variations]"
Add component (AddParameter): Name = "Value"; Value = "Value?"; VariantName = "[No Variations]"
Added Component: Designator=F11(Cap, 0603)
Add component. Clean all parameters for all variants
Add component (AddParameter): Name = "Published"; Value = "22Oct2016"; VariantName = "[No Variations]"
Add component (AddParameter): Name = "Publisher"; Value = "T.Tallo"; VariantName = "[No Variations]"
Add component (AddParameter): Name = "Status"; Value = "Active"; VariantName = "[No Variations]"
Add component (AddParameter): Name = "TargetLibrary"; Value = "RITRacing-Passives"; VariantName = "[No Variations]"
Add component (AddParameter): Name = "Value"; Value = "Value?"; VariantName = "[No Variations]"
Added Component: Designator=F12(Cap, 0603)
Add component. Clean all parameters for all variants
Add component (AddParameter): Name = "Published"; Value = "22Oct2016"; VariantName = "[No Variations]"
Add component (AddParameter): Name = "Publisher"; Value = "T.Tallo"; VariantName = "[No Variations]"
Add component (AddParameter): Name = "Status"; Value = "Active"; VariantName = "[No Variations]"
Add component (AddParameter): Name = "TargetLibrary"; Value = "RITRacing-Passives"; VariantName = "[No Variations]"
Add component (AddParameter): Name = "Value"; Value = "Value?"; VariantName = "[No Variations]"
Added Component: Designator=F13(Cap, 0603)
Add component. Clean all parameters for all variants
Add component (AddParameter): Name = "Published"; Value = "22Oct2016"; VariantName = "[No Variations]"
Add component (AddParameter): Name = "Publisher"; Value = "T.Tallo"; VariantName = "[No Variations]"
Add component (AddParameter): Name = "Status"; Value = "Active"; VariantName = "[No Variations]"
Add component (AddParameter): Name = "TargetLibrary"; Value = "RITRacing-Passives"; VariantName = "[No Variations]"
Add component (AddParameter): Name = "Value"; Value = "Value?"; VariantName = "[No Variations]"
Added Component: Designator=F14(Cap, 0603)
Add component. Clean all parameters for all variants
Add component (AddParameter): Name = "Published"; Value = "22Oct2016"; VariantName = "[No Variations]"
Add component (AddParameter): Name = "Publisher"; Value = "T.Tallo"; VariantName = "[No Variations]"
Add component (AddParameter): Name = "Status"; Value = "Active"; VariantName = "[No Variations]"
Add component (AddParameter): Name = "TargetLibrary"; Value = "RITRacing-Passives"; VariantName = "[No Variations]"
Add component (AddParameter): Name = "Value"; Value = "Value?"; VariantName = "[No Variations]"
Added Component: Designator=F15(Cap, 0603)
Add component. Clean all parameters for all variants
Add component (AddParameter): Name = "Published"; Value = "22Oct2016"; VariantName = "[No Variations]"
Add component (AddParameter): Name = "Publisher"; Value = "T.Tallo"; VariantName = "[No Variations]"
Add component (AddParameter): Name = "Status"; Value = "Active"; VariantName = "[No Variations]"
Add component (AddParameter): Name = "TargetLibrary"; Value = "RITRacing-Passives"; VariantName = "[No Variations]"
Add component (AddParameter): Name = "Value"; Value = "Value?"; VariantName = "[No Variations]"
Added Component: Designator=F16(Cap, 0603)
Add component. Clean all parameters for all variants
Add component (AddParameter): Name = "Published"; Value = "22Oct2016"; VariantName = "[No Variations]"
Add component (AddParameter): Name = "Publisher"; Value = "T.Tallo"; VariantName = "[No Variations]"
Add component (AddParameter): Name = "Status"; Value = "Active"; VariantName = "[No Variations]"
Add component (AddParameter): Name = "TargetLibrary"; Value = "RITRacing-Passives"; VariantName = "[No Variations]"
Add component (AddParameter): Name = "Value"; Value = "Value?"; VariantName = "[No Variations]"
Added Component: Designator=F17(Cap, 0603)
Add component. Clean all parameters for all variants
Add component (AddParameter): Name = "Published"; Value = "22Oct2016"; VariantName = "[No Variations]"
Add component (AddParameter): Name = "Publisher"; Value = "T.Tallo"; VariantName = "[No Variations]"
Add component (AddParameter): Name = "Status"; Value = "Active"; VariantName = "[No Variations]"
Add component (AddParameter): Name = "TargetLibrary"; Value = "RITRacing-Passives"; VariantName = "[No Variations]"
Add component (AddParameter): Name = "Value"; Value = "Value?"; VariantName = "[No Variations]"
Added Component: Designator=F18(Cap, 0603)
Add component. Clean all parameters for all variants
Add component (AddParameter): Name = "Published"; Value = "22Oct2016"; VariantName = "[No Variations]"
Add component (AddParameter): Name = "Publisher"; Value = "T.Tallo"; VariantName = "[No Variations]"
Add component (AddParameter): Name = "Status"; Value = "Active"; VariantName = "[No Variations]"
Add component (AddParameter): Name = "TargetLibrary"; Value = "RITRacing-Passives"; VariantName = "[No Variations]"
Add component (AddParameter): Name = "Value"; Value = "Value?"; VariantName = "[No Variations]"
Added Component: Designator=F19(Cap, 0603)
Add component. Clean all parameters for all variants
Add component (AddParameter): Name = "Published"; Value = "22Oct2016"; VariantName = "[No Variations]"
Add component (AddParameter): Name = "Publisher"; Value = "T.Tallo"; VariantName = "[No Variations]"
Add component (AddParameter): Name = "Status"; Value = "Active"; VariantName = "[No Variations]"
Add component (AddParameter): Name = "TargetLibrary"; Value = "RITRacing-Passives"; VariantName = "[No Variations]"
Add component (AddParameter): Name = "Value"; Value = "Value?"; VariantName = "[No Variations]"
Added Component: Designator=J2(SinglePad)
Add component. Clean all parameters for all variants
Added Component: Designator=J3(SinglePad)
Add component. Clean all parameters for all variants
Added Component: Designator=J4(SinglePad)
Add component. Clean all parameters for all variants
Added Component: Designator=J5(SinglePad)
Add component. Clean all parameters for all variants
Added Component: Designator=J6(SinglePad)
Add component. Clean all parameters for all variants
Added Component: Designator=J7(SinglePad)
Add component. Clean all parameters for all variants
Added Component: Designator=J8(SinglePad)
Add component. Clean all parameters for all variants
Added Component: Designator=J9(SinglePad)
Add component. Clean all parameters for all variants
Added Component: Designator=J10(SinglePad)
Add component. Clean all parameters for all variants
Added Component: Designator=J11(SinglePad)
Add component. Clean all parameters for all variants
Added Component: Designator=J12(SinglePad)
Add component. Clean all parameters for all variants
Added Component: Designator=J13(SinglePad)
Add component. Clean all parameters for all variants
Added Component: Designator=J14(SinglePad)
Add component. Clean all parameters for all variants
Added Component: Designator=J15(SinglePad)
Add component. Clean all parameters for all variants
Added Component: Designator=J16(SinglePad)
Add component. Clean all parameters for all variants
Added Component: Designator=J17(SinglePad)
Add component. Clean all parameters for all variants
Added Component: Designator=J18(SinglePad)
Add component. Clean all parameters for all variants
Added Component: Designator=J19(SinglePad)
Add component. Clean all parameters for all variants
Added Component: Designator=J20(SinglePad)
Add component. Clean all parameters for all variants
Added Component: Designator=J21(SinglePad)
Add component. Clean all parameters for all variants
Added Pin To Net: NetName=1-C0 Pin=F9-1
Added Pin To Net: NetName=1-C0 Pin=F19-1
Added Pin To Net: NetName=NetF0_1 Pin=F0-1
Added Net: Name=NetF0_1
Added Pin To Net: NetName=NetF0_2 Pin=F0-2
Added Pin To Net: NetName=NetF0_2 Pin=J12-0
Added Net: Name=NetF0_2
Added Pin To Net: NetName=NetF1_1 Pin=F1-1
Added Pin To Net: NetName=NetF1_1 Pin=R15-1
Added Net: Name=NetF1_1
Added Pin To Net: NetName=NetF1_2 Pin=F1-2
Added Pin To Net: NetName=NetF1_2 Pin=J13-0
Added Net: Name=NetF1_2
Added Pin To Net: NetName=NetF2_1 Pin=F2-1
Added Pin To Net: NetName=NetF2_1 Pin=R16-1
Added Net: Name=NetF2_1
Added Pin To Net: NetName=NetF2_2 Pin=F2-2
Added Pin To Net: NetName=NetF2_2 Pin=J14-0
Added Net: Name=NetF2_2
Added Pin To Net: NetName=NetF3_1 Pin=F3-1
Added Pin To Net: NetName=NetF3_1 Pin=R17-1
Added Net: Name=NetF3_1
Added Pin To Net: NetName=NetF3_2 Pin=F3-2
Added Pin To Net: NetName=NetF3_2 Pin=J15-0
Added Net: Name=NetF3_2
Added Pin To Net: NetName=NetF4_1 Pin=F4-1
Added Pin To Net: NetName=NetF4_1 Pin=R18-1
Added Net: Name=NetF4_1
Added Pin To Net: NetName=NetF4_2 Pin=F4-2
Added Pin To Net: NetName=NetF4_2 Pin=J16-0
Added Net: Name=NetF4_2
Added Pin To Net: NetName=NetF5_1 Pin=F5-1
Added Net: Name=NetF5_1
Added Pin To Net: NetName=NetF5_2 Pin=F5-2
Added Pin To Net: NetName=NetF5_2 Pin=J17-0
Added Net: Name=NetF5_2
Added Pin To Net: NetName=NetF6_1 Pin=F6-1
Added Pin To Net: NetName=NetF6_1 Pin=R21-1
Added Net: Name=NetF6_1
Added Pin To Net: NetName=NetF6_2 Pin=F6-2
Added Pin To Net: NetName=NetF6_2 Pin=J18-0
Added Net: Name=NetF6_2
Added Pin To Net: NetName=NetF7_1 Pin=F7-1
Added Pin To Net: NetName=NetF7_1 Pin=R25-1
Added Net: Name=NetF7_1
Added Pin To Net: NetName=NetF7_2 Pin=F7-2
Added Pin To Net: NetName=NetF7_2 Pin=J19-0
Added Net: Name=NetF7_2
Added Pin To Net: NetName=NetF8_1 Pin=F8-1
Added Pin To Net: NetName=NetF8_1 Pin=R27-1
Added Net: Name=NetF8_1
Added Pin To Net: NetName=NetF8_2 Pin=F8-2
Added Pin To Net: NetName=NetF8_2 Pin=J20-0
Added Net: Name=NetF8_2
Added Pin To Net: NetName=NetF9_2 Pin=F9-2
Added Pin To Net: NetName=NetF9_2 Pin=J21-0
Added Net: Name=NetF9_2
Added Pin To Net: NetName=NetF10_1 Pin=F10-1
Added Net: Name=NetF10_1
Added Pin To Net: NetName=NetF10_2 Pin=F10-2
Added Pin To Net: NetName=NetF10_2 Pin=J2-0
Added Net: Name=NetF10_2
Added Pin To Net: NetName=NetF11_1 Pin=F11-1
Added Pin To Net: NetName=NetF11_1 Pin=R48-1
Added Net: Name=NetF11_1
Added Pin To Net: NetName=NetF11_2 Pin=F11-2
Added Pin To Net: NetName=NetF11_2 Pin=J3-0
Added Net: Name=NetF11_2
Added Pin To Net: NetName=NetF12_1 Pin=F12-1
Added Pin To Net: NetName=NetF12_1 Pin=R51-1
Added Net: Name=NetF12_1
Added Pin To Net: NetName=NetF12_2 Pin=F12-2
Added Pin To Net: NetName=NetF12_2 Pin=J4-0
Added Net: Name=NetF12_2
Added Pin To Net: NetName=NetF13_1 Pin=F13-1
Added Pin To Net: NetName=NetF13_1 Pin=R54-1
Added Net: Name=NetF13_1
Added Pin To Net: NetName=NetF13_2 Pin=F13-2
Added Pin To Net: NetName=NetF13_2 Pin=J5-0
Added Net: Name=NetF13_2
Added Pin To Net: NetName=NetF14_1 Pin=F14-1
Added Pin To Net: NetName=NetF14_1 Pin=R57-1
Added Net: Name=NetF14_1
Added Pin To Net: NetName=NetF14_2 Pin=F14-2
Added Pin To Net: NetName=NetF14_2 Pin=J6-0
Added Net: Name=NetF14_2
Added Pin To Net: NetName=NetF15_1 Pin=F15-1
Added Net: Name=NetF15_1
Added Pin To Net: NetName=NetF15_2 Pin=F15-2
Added Pin To Net: NetName=NetF15_2 Pin=J7-0
Added Net: Name=NetF15_2
Added Pin To Net: NetName=NetF16_1 Pin=F16-1
Added Pin To Net: NetName=NetF16_1 Pin=R61-1
Added Net: Name=NetF16_1
Added Pin To Net: NetName=NetF16_2 Pin=F16-2
Added Pin To Net: NetName=NetF16_2 Pin=J8-0
Added Net: Name=NetF16_2
Added Pin To Net: NetName=NetF17_1 Pin=F17-1
Added Pin To Net: NetName=NetF17_1 Pin=R64-1
Added Net: Name=NetF17_1
Added Pin To Net: NetName=NetF17_2 Pin=F17-2
Added Pin To Net: NetName=NetF17_2 Pin=J9-0
Added Net: Name=NetF17_2
Added Pin To Net: NetName=NetF18_1 Pin=F18-1
Added Pin To Net: NetName=NetF18_1 Pin=R67-1
Added Net: Name=NetF18_1
Added Pin To Net: NetName=NetF18_2 Pin=F18-2
Added Pin To Net: NetName=NetF18_2 Pin=J10-0
Added Net: Name=NetF18_2
Added Pin To Net: NetName=NetF19_2 Pin=F19-2
Added Pin To Net: NetName=NetF19_2 Pin=J11-0
Added Net: Name=NetF19_2
Added Member To Class: ClassName=BMSSlaveSchematic Member=Component F0 1A
Added Member To Class: ClassName=BMSSlaveSchematic Member=Component F1 1A
Added Member To Class: ClassName=BMSSlaveSchematic Member=Component F2 1A
Added Member To Class: ClassName=BMSSlaveSchematic Member=Component F3 1A
Added Member To Class: ClassName=BMSSlaveSchematic Member=Component F4 1A
Added Member To Class: ClassName=BMSSlaveSchematic Member=Component F5 1A
Added Member To Class: ClassName=BMSSlaveSchematic Member=Component F6 1A
Added Member To Class: ClassName=BMSSlaveSchematic Member=Component F7 1A
Added Member To Class: ClassName=BMSSlaveSchematic Member=Component F8 1A
Added Member To Class: ClassName=BMSSlaveSchematic Member=Component F9 1A
Added Member To Class: ClassName=BMSSlaveSchematic Member=Component F10 1A
Added Member To Class: ClassName=BMSSlaveSchematic Member=Component F11 1A
Added Member To Class: ClassName=BMSSlaveSchematic Member=Component F12 1A
Added Member To Class: ClassName=BMSSlaveSchematic Member=Component F13 1A
Added Member To Class: ClassName=BMSSlaveSchematic Member=Component F14 1A
Added Member To Class: ClassName=BMSSlaveSchematic Member=Component F15 1A
Added Member To Class: ClassName=BMSSlaveSchematic Member=Component F16 1A
Added Member To Class: ClassName=BMSSlaveSchematic Member=Component F17 1A
Added Member To Class: ClassName=BMSSlaveSchematic Member=Component F18 1A
Added Member To Class: ClassName=BMSSlaveSchematic Member=Component F19 1A
Added Member To Class: ClassName=BMSSlaveSchematic Member=Component J2 Cell Term
Added Member To Class: ClassName=BMSSlaveSchematic Member=Component J3 Cell Term
Added Member To Class: ClassName=BMSSlaveSchematic Member=Component J4 Cell Term
Added Member To Class: ClassName=BMSSlaveSchematic Member=Component J5 Cell Term
Added Member To Class: ClassName=BMSSlaveSchematic Member=Component J6 Cell Term
Added Member To Class: ClassName=BMSSlaveSchematic Member=Component J7 Cell Term
Added Member To Class: ClassName=BMSSlaveSchematic Member=Component J8 Cell Term
Added Member To Class: ClassName=BMSSlaveSchematic Member=Component J9 Cell Term
Added Member To Class: ClassName=BMSSlaveSchematic Member=Component J10 Cell Term
Added Member To Class: ClassName=BMSSlaveSchematic Member=Component J11 Cell Term
Added Member To Class: ClassName=BMSSlaveSchematic Member=Component J12 Cell Term
Added Member To Class: ClassName=BMSSlaveSchematic Member=Component J13 Cell Term
Added Member To Class: ClassName=BMSSlaveSchematic Member=Component J14 Cell Term
Added Member To Class: ClassName=BMSSlaveSchematic Member=Component J15 Cell Term
Added Member To Class: ClassName=BMSSlaveSchematic Member=Component J16 Cell Term
Added Member To Class: ClassName=BMSSlaveSchematic Member=Component J17 Cell Term
Added Member To Class: ClassName=BMSSlaveSchematic Member=Component J18 Cell Term
Added Member To Class: ClassName=BMSSlaveSchematic Member=Component J19 Cell Term
Added Member To Class: ClassName=BMSSlaveSchematic Member=Component J20 Cell Term
Added Member To Class: ClassName=BMSSlaveSchematic Member=Component J21 Bus Conn
