Removed Pin From Net: NetName=NetF10_2 Pin=J2-0
Removed Pin From Net: NetName=NetF11_2 Pin=J3-0
Removed Pin From Net: NetName=NetF12_2 Pin=J4-0
Removed Pin From Net: NetName=NetF13_2 Pin=J5-0
Removed Pin From Net: NetName=NetF14_2 Pin=J6-0
Removed Pin From Net: NetName=NetF15_2 Pin=J7-0
Removed Pin From Net: NetName=NetF16_2 Pin=J8-0
Removed Pin From Net: NetName=NetF17_2 Pin=J9-0
Removed Pin From Net: NetName=NetF18_2 Pin=J10-0
Removed Pin From Net: NetName=NetF19_2 Pin=J11-0
Removed Pin From Net: NetName=NetF0_2 Pin=J12-0
Removed Pin From Net: NetName=NetF1_2 Pin=J13-0
Removed Pin From Net: NetName=NetF2_2 Pin=J14-0
Removed Pin From Net: NetName=NetF3_2 Pin=J15-0
Removed Pin From Net: NetName=NetF4_2 Pin=J16-0
Removed Pin From Net: NetName=NetF5_2 Pin=J17-0
Removed Pin From Net: NetName=NetF6_2 Pin=J18-0
Removed Pin From Net: NetName=NetF7_2 Pin=J19-0
Removed Pin From Net: NetName=NetF8_2 Pin=J20-0
Removed Pin From Net: NetName=NetF9_2 Pin=J21-0
Removed Member From Class: ClassName=BMSSlaveSchematic Member=Th1
Removed Member From Class: ClassName=BMSSlaveSchematic Member=Th2
Removed Member From Class: ClassName=BMSSlaveSchematic Member=Th3
Change Component Footprint: Designator=F0 Old Footprint=Cap, 0603 New Footprint=Fuse, 0805
Change Component Footprint: Designator=F1 Old Footprint=Cap, 0603 New Footprint=Fuse, 0805
Change Component Footprint: Designator=F2 Old Footprint=Cap, 0603 New Footprint=Fuse, 0805
Change Component Footprint: Designator=F3 Old Footprint=Cap, 0603 New Footprint=Fuse, 0805
Change Component Footprint: Designator=F4 Old Footprint=Cap, 0603 New Footprint=Fuse, 0805
Change Component Footprint: Designator=F5 Old Footprint=Cap, 0603 New Footprint=Fuse, 0805
Change Component Footprint: Designator=F6 Old Footprint=Cap, 0603 New Footprint=Fuse, 0805
Change Component Footprint: Designator=F7 Old Footprint=Cap, 0603 New Footprint=Fuse, 0805
Change Component Footprint: Designator=F8 Old Footprint=Cap, 0603 New Footprint=Fuse, 0805
Change Component Footprint: Designator=F9 Old Footprint=Cap, 0603 New Footprint=Fuse, 0805
Change Component Footprint: Designator=F10 Old Footprint=Cap, 0603 New Footprint=Fuse, 0805
Change Component Footprint: Designator=F11 Old Footprint=Cap, 0603 New Footprint=Fuse, 0805
Change Component Footprint: Designator=F12 Old Footprint=Cap, 0603 New Footprint=Fuse, 0805
Change Component Footprint: Designator=F13 Old Footprint=Cap, 0603 New Footprint=Fuse, 0805
Change Component Footprint: Designator=F14 Old Footprint=Cap, 0603 New Footprint=Fuse, 0805
Change Component Footprint: Designator=F15 Old Footprint=Cap, 0603 New Footprint=Fuse, 0805
Change Component Footprint: Designator=F16 Old Footprint=Cap, 0603 New Footprint=Fuse, 0805
Change Component Footprint: Designator=F17 Old Footprint=Cap, 0603 New Footprint=Fuse, 0805
Change Component Footprint: Designator=F18 Old Footprint=Cap, 0603 New Footprint=Fuse, 0805
Change Component Footprint: Designator=F19 Old Footprint=Cap, 0603 New Footprint=Fuse, 0805
Change Component Designator: OldDesignator=J2 NewDesignator=J22
Change component parameters: Designator = "F0"; Footprint = "Fuse, 0805"; UniqueID = "\SAGURDNI"
Change component parameters. Clean all parameters for all variants
Change component parameters (AddParameter): Name = "Built_By"; Value = "EMA_UL_Team"; VariantName = "[No Variations]"
Change component parameters (AddParameter): Name = "Copyright"; Value = "Copyright (C) 2018 Accelerated Designs. All rights reserved"; VariantName = "[No Variations]"
Change component parameters (AddParameter): Name = "Manufacturer_Part_Number"; Value = "MFU0805FF01000P100"; VariantName = "[No Variations]"
Change component parameters (AddParameter): Name = "RefDes"; Value = "RefDes"; VariantName = "[No Variations]"
Change component parameters (AddParameter): Name = "SourceLibrary"; Value = "Vishay_2010-01-01_FUSE_MFU"; VariantName = "[No Variations]"
Change component parameters (AddParameter): Name = "Type"; Value = "DEV"; VariantName = "[No Variations]"
Change component parameters (AddParameter): Name = "Vendor"; Value = "VISHAY"; VariantName = "[No Variations]"
Change component parameters: Designator = "F1"; Footprint = "Fuse, 0805"; UniqueID = "\MEFDDCDP"
Change component parameters. Clean all parameters for all variants
Change component parameters (AddParameter): Name = "Built_By"; Value = "EMA_UL_Team"; VariantName = "[No Variations]"
Change component parameters (AddParameter): Name = "Copyright"; Value = "Copyright (C) 2018 Accelerated Designs. All rights reserved"; VariantName = "[No Variations]"
Change component parameters (AddParameter): Name = "Manufacturer_Part_Number"; Value = "MFU0805FF01000P100"; VariantName = "[No Variations]"
Change component parameters (AddParameter): Name = "RefDes"; Value = "RefDes"; VariantName = "[No Variations]"
Change component parameters (AddParameter): Name = "SourceLibrary"; Value = "Vishay_2010-01-01_FUSE_MFU"; VariantName = "[No Variations]"
Change component parameters (AddParameter): Name = "Type"; Value = "DEV"; VariantName = "[No Variations]"
Change component parameters (AddParameter): Name = "Vendor"; Value = "VISHAY"; VariantName = "[No Variations]"
Change component parameters: Designator = "F2"; Footprint = "Fuse, 0805"; UniqueID = "\EYBIRKLN"
Change component parameters. Clean all parameters for all variants
Change component parameters (AddParameter): Name = "Built_By"; Value = "EMA_UL_Team"; VariantName = "[No Variations]"
Change component parameters (AddParameter): Name = "Copyright"; Value = "Copyright (C) 2018 Accelerated Designs. All rights reserved"; VariantName = "[No Variations]"
Change component parameters (AddParameter): Name = "Manufacturer_Part_Number"; Value = "MFU0805FF01000P100"; VariantName = "[No Variations]"
Change component parameters (AddParameter): Name = "RefDes"; Value = "RefDes"; VariantName = "[No Variations]"
Change component parameters (AddParameter): Name = "SourceLibrary"; Value = "Vishay_2010-01-01_FUSE_MFU"; VariantName = "[No Variations]"
Change component parameters (AddParameter): Name = "Type"; Value = "DEV"; VariantName = "[No Variations]"
Change component parameters (AddParameter): Name = "Vendor"; Value = "VISHAY"; VariantName = "[No Variations]"
Change component parameters: Designator = "F3"; Footprint = "Fuse, 0805"; UniqueID = "\CORYQPBI"
Change component parameters. Clean all parameters for all variants
Change component parameters (AddParameter): Name = "Built_By"; Value = "EMA_UL_Team"; VariantName = "[No Variations]"
Change component parameters (AddParameter): Name = "Copyright"; Value = "Copyright (C) 2018 Accelerated Designs. All rights reserved"; VariantName = "[No Variations]"
Change component parameters (AddParameter): Name = "Manufacturer_Part_Number"; Value = "MFU0805FF01000P100"; VariantName = "[No Variations]"
Change component parameters (AddParameter): Name = "RefDes"; Value = "RefDes"; VariantName = "[No Variations]"
Change component parameters (AddParameter): Name = "SourceLibrary"; Value = "Vishay_2010-01-01_FUSE_MFU"; VariantName = "[No Variations]"
Change component parameters (AddParameter): Name = "Type"; Value = "DEV"; VariantName = "[No Variations]"
Change component parameters (AddParameter): Name = "Vendor"; Value = "VISHAY"; VariantName = "[No Variations]"
Change component parameters: Designator = "F4"; Footprint = "Fuse, 0805"; UniqueID = "\WSVDKXSU"
Change component parameters. Clean all parameters for all variants
Change component parameters (AddParameter): Name = "Built_By"; Value = "EMA_UL_Team"; VariantName = "[No Variations]"
Change component parameters (AddParameter): Name = "Copyright"; Value = "Copyright (C) 2018 Accelerated Designs. All rights reserved"; VariantName = "[No Variations]"
Change component parameters (AddParameter): Name = "Manufacturer_Part_Number"; Value = "MFU0805FF01000P100"; VariantName = "[No Variations]"
Change component parameters (AddParameter): Name = "RefDes"; Value = "RefDes"; VariantName = "[No Variations]"
Change component parameters (AddParameter): Name = "SourceLibrary"; Value = "Vishay_2010-01-01_FUSE_MFU"; VariantName = "[No Variations]"
Change component parameters (AddParameter): Name = "Type"; Value = "DEV"; VariantName = "[No Variations]"
Change component parameters (AddParameter): Name = "Vendor"; Value = "VISHAY"; VariantName = "[No Variations]"
Change component parameters: Designator = "F5"; Footprint = "Fuse, 0805"; UniqueID = "\HYRMWBPD"
Change component parameters. Clean all parameters for all variants
Change component parameters (AddParameter): Name = "Built_By"; Value = "EMA_UL_Team"; VariantName = "[No Variations]"
Change component parameters (AddParameter): Name = "Copyright"; Value = "Copyright (C) 2018 Accelerated Designs. All rights reserved"; VariantName = "[No Variations]"
Change component parameters (AddParameter): Name = "Manufacturer_Part_Number"; Value = "MFU0805FF01000P100"; VariantName = "[No Variations]"
Change component parameters (AddParameter): Name = "RefDes"; Value = "RefDes"; VariantName = "[No Variations]"
Change component parameters (AddParameter): Name = "SourceLibrary"; Value = "Vishay_2010-01-01_FUSE_MFU"; VariantName = "[No Variations]"
Change component parameters (AddParameter): Name = "Type"; Value = "DEV"; VariantName = "[No Variations]"
Change component parameters (AddParameter): Name = "Vendor"; Value = "VISHAY"; VariantName = "[No Variations]"
Change component parameters: Designator = "F6"; Footprint = "Fuse, 0805"; UniqueID = "\MXXJJRUQ"
Change component parameters. Clean all parameters for all variants
Change component parameters (AddParameter): Name = "Built_By"; Value = "EMA_UL_Team"; VariantName = "[No Variations]"
Change component parameters (AddParameter): Name = "Copyright"; Value = "Copyright (C) 2018 Accelerated Designs. All rights reserved"; VariantName = "[No Variations]"
Change component parameters (AddParameter): Name = "Manufacturer_Part_Number"; Value = "MFU0805FF01000P100"; VariantName = "[No Variations]"
Change component parameters (AddParameter): Name = "RefDes"; Value = "RefDes"; VariantName = "[No Variations]"
Change component parameters (AddParameter): Name = "SourceLibrary"; Value = "Vishay_2010-01-01_FUSE_MFU"; VariantName = "[No Variations]"
Change component parameters (AddParameter): Name = "Type"; Value = "DEV"; VariantName = "[No Variations]"
Change component parameters (AddParameter): Name = "Vendor"; Value = "VISHAY"; VariantName = "[No Variations]"
Change component parameters: Designator = "F7"; Footprint = "Fuse, 0805"; UniqueID = "\UBAXFDEU"
Change component parameters. Clean all parameters for all variants
Change component parameters (AddParameter): Name = "Built_By"; Value = "EMA_UL_Team"; VariantName = "[No Variations]"
Change component parameters (AddParameter): Name = "Copyright"; Value = "Copyright (C) 2018 Accelerated Designs. All rights reserved"; VariantName = "[No Variations]"
Change component parameters (AddParameter): Name = "Manufacturer_Part_Number"; Value = "MFU0805FF01000P100"; VariantName = "[No Variations]"
Change component parameters (AddParameter): Name = "RefDes"; Value = "RefDes"; VariantName = "[No Variations]"
Change component parameters (AddParameter): Name = "SourceLibrary"; Value = "Vishay_2010-01-01_FUSE_MFU"; VariantName = "[No Variations]"
Change component parameters (AddParameter): Name = "Type"; Value = "DEV"; VariantName = "[No Variations]"
Change component parameters (AddParameter): Name = "Vendor"; Value = "VISHAY"; VariantName = "[No Variations]"
Change component parameters: Designator = "F8"; Footprint = "Fuse, 0805"; UniqueID = "\SGMLHIXV"
Change component parameters. Clean all parameters for all variants
Change component parameters (AddParameter): Name = "Built_By"; Value = "EMA_UL_Team"; VariantName = "[No Variations]"
Change component parameters (AddParameter): Name = "Copyright"; Value = "Copyright (C) 2018 Accelerated Designs. All rights reserved"; VariantName = "[No Variations]"
Change component parameters (AddParameter): Name = "Manufacturer_Part_Number"; Value = "MFU0805FF01000P100"; VariantName = "[No Variations]"
Change component parameters (AddParameter): Name = "RefDes"; Value = "RefDes"; VariantName = "[No Variations]"
Change component parameters (AddParameter): Name = "SourceLibrary"; Value = "Vishay_2010-01-01_FUSE_MFU"; VariantName = "[No Variations]"
Change component parameters (AddParameter): Name = "Type"; Value = "DEV"; VariantName = "[No Variations]"
Change component parameters (AddParameter): Name = "Vendor"; Value = "VISHAY"; VariantName = "[No Variations]"
Change component parameters: Designator = "F9"; Footprint = "Fuse, 0805"; UniqueID = "\VSIHSYDQ"
Change component parameters. Clean all parameters for all variants
Change component parameters (AddParameter): Name = "Built_By"; Value = "EMA_UL_Team"; VariantName = "[No Variations]"
Change component parameters (AddParameter): Name = "Copyright"; Value = "Copyright (C) 2018 Accelerated Designs. All rights reserved"; VariantName = "[No Variations]"
Change component parameters (AddParameter): Name = "Manufacturer_Part_Number"; Value = "MFU0805FF01000P100"; VariantName = "[No Variations]"
Change component parameters (AddParameter): Name = "RefDes"; Value = "RefDes"; VariantName = "[No Variations]"
Change component parameters (AddParameter): Name = "SourceLibrary"; Value = "Vishay_2010-01-01_FUSE_MFU"; VariantName = "[No Variations]"
Change component parameters (AddParameter): Name = "Type"; Value = "DEV"; VariantName = "[No Variations]"
Change component parameters (AddParameter): Name = "Vendor"; Value = "VISHAY"; VariantName = "[No Variations]"
Change component parameters: Designator = "F10"; Footprint = "Fuse, 0805"; UniqueID = "\BBLUDLEM"
Change component parameters. Clean all parameters for all variants
Change component parameters (AddParameter): Name = "Built_By"; Value = "EMA_UL_Team"; VariantName = "[No Variations]"
Change component parameters (AddParameter): Name = "Copyright"; Value = "Copyright (C) 2018 Accelerated Designs. All rights reserved"; VariantName = "[No Variations]"
Change component parameters (AddParameter): Name = "Manufacturer_Part_Number"; Value = "MFU0805FF01000P100"; VariantName = "[No Variations]"
Change component parameters (AddParameter): Name = "RefDes"; Value = "RefDes"; VariantName = "[No Variations]"
Change component parameters (AddParameter): Name = "SourceLibrary"; Value = "Vishay_2010-01-01_FUSE_MFU"; VariantName = "[No Variations]"
Change component parameters (AddParameter): Name = "Type"; Value = "DEV"; VariantName = "[No Variations]"
Change component parameters (AddParameter): Name = "Vendor"; Value = "VISHAY"; VariantName = "[No Variations]"
Change component parameters: Designator = "F11"; Footprint = "Fuse, 0805"; UniqueID = "\NBGYEWLK"
Change component parameters. Clean all parameters for all variants
Change component parameters (AddParameter): Name = "Built_By"; Value = "EMA_UL_Team"; VariantName = "[No Variations]"
Change component parameters (AddParameter): Name = "Copyright"; Value = "Copyright (C) 2018 Accelerated Designs. All rights reserved"; VariantName = "[No Variations]"
Change component parameters (AddParameter): Name = "Manufacturer_Part_Number"; Value = "MFU0805FF01000P100"; VariantName = "[No Variations]"
Change component parameters (AddParameter): Name = "RefDes"; Value = "RefDes"; VariantName = "[No Variations]"
Change component parameters (AddParameter): Name = "SourceLibrary"; Value = "Vishay_2010-01-01_FUSE_MFU"; VariantName = "[No Variations]"
Change component parameters (AddParameter): Name = "Type"; Value = "DEV"; VariantName = "[No Variations]"
Change component parameters (AddParameter): Name = "Vendor"; Value = "VISHAY"; VariantName = "[No Variations]"
Change component parameters: Designator = "F12"; Footprint = "Fuse, 0805"; UniqueID = "\EWMNIAUR"
Change component parameters. Clean all parameters for all variants
Change component parameters (AddParameter): Name = "Built_By"; Value = "EMA_UL_Team"; VariantName = "[No Variations]"
Change component parameters (AddParameter): Name = "Copyright"; Value = "Copyright (C) 2018 Accelerated Designs. All rights reserved"; VariantName = "[No Variations]"
Change component parameters (AddParameter): Name = "Manufacturer_Part_Number"; Value = "MFU0805FF01000P100"; VariantName = "[No Variations]"
Change component parameters (AddParameter): Name = "RefDes"; Value = "RefDes"; VariantName = "[No Variations]"
Change component parameters (AddParameter): Name = "SourceLibrary"; Value = "Vishay_2010-01-01_FUSE_MFU"; VariantName = "[No Variations]"
Change component parameters (AddParameter): Name = "Type"; Value = "DEV"; VariantName = "[No Variations]"
Change component parameters (AddParameter): Name = "Vendor"; Value = "VISHAY"; VariantName = "[No Variations]"
Change component parameters: Designator = "F13"; Footprint = "Fuse, 0805"; UniqueID = "\ARDRRBBG"
Change component parameters. Clean all parameters for all variants
Change component parameters (AddParameter): Name = "Built_By"; Value = "EMA_UL_Team"; VariantName = "[No Variations]"
Change component parameters (AddParameter): Name = "Copyright"; Value = "Copyright (C) 2018 Accelerated Designs. All rights reserved"; VariantName = "[No Variations]"
Change component parameters (AddParameter): Name = "Manufacturer_Part_Number"; Value = "MFU0805FF01000P100"; VariantName = "[No Variations]"
Change component parameters (AddParameter): Name = "RefDes"; Value = "RefDes"; VariantName = "[No Variations]"
Change component parameters (AddParameter): Name = "SourceLibrary"; Value = "Vishay_2010-01-01_FUSE_MFU"; VariantName = "[No Variations]"
Change component parameters (AddParameter): Name = "Type"; Value = "DEV"; VariantName = "[No Variations]"
Change component parameters (AddParameter): Name = "Vendor"; Value = "VISHAY"; VariantName = "[No Variations]"
Change component parameters: Designator = "F14"; Footprint = "Fuse, 0805"; UniqueID = "\JOOQGYDP"
Change component parameters. Clean all parameters for all variants
Change component parameters (AddParameter): Name = "Built_By"; Value = "EMA_UL_Team"; VariantName = "[No Variations]"
Change component parameters (AddParameter): Name = "Copyright"; Value = "Copyright (C) 2018 Accelerated Designs. All rights reserved"; VariantName = "[No Variations]"
Change component parameters (AddParameter): Name = "Manufacturer_Part_Number"; Value = "MFU0805FF01000P100"; VariantName = "[No Variations]"
Change component parameters (AddParameter): Name = "RefDes"; Value = "RefDes"; VariantName = "[No Variations]"
Change component parameters (AddParameter): Name = "SourceLibrary"; Value = "Vishay_2010-01-01_FUSE_MFU"; VariantName = "[No Variations]"
Change component parameters (AddParameter): Name = "Type"; Value = "DEV"; VariantName = "[No Variations]"
Change component parameters (AddParameter): Name = "Vendor"; Value = "VISHAY"; VariantName = "[No Variations]"
Change component parameters: Designator = "F15"; Footprint = "Fuse, 0805"; UniqueID = "\RFVOALCU"
Change component parameters. Clean all parameters for all variants
Change component parameters (AddParameter): Name = "Built_By"; Value = "EMA_UL_Team"; VariantName = "[No Variations]"
Change component parameters (AddParameter): Name = "Copyright"; Value = "Copyright (C) 2018 Accelerated Designs. All rights reserved"; VariantName = "[No Variations]"
Change component parameters (AddParameter): Name = "Manufacturer_Part_Number"; Value = "MFU0805FF01000P100"; VariantName = "[No Variations]"
Change component parameters (AddParameter): Name = "RefDes"; Value = "RefDes"; VariantName = "[No Variations]"
Change component parameters (AddParameter): Name = "SourceLibrary"; Value = "Vishay_2010-01-01_FUSE_MFU"; VariantName = "[No Variations]"
Change component parameters (AddParameter): Name = "Type"; Value = "DEV"; VariantName = "[No Variations]"
Change component parameters (AddParameter): Name = "Vendor"; Value = "VISHAY"; VariantName = "[No Variations]"
Change component parameters: Designator = "F16"; Footprint = "Fuse, 0805"; UniqueID = "\UVFEESUA"
Change component parameters. Clean all parameters for all variants
Change component parameters (AddParameter): Name = "Built_By"; Value = "EMA_UL_Team"; VariantName = "[No Variations]"
Change component parameters (AddParameter): Name = "Copyright"; Value = "Copyright (C) 2018 Accelerated Designs. All rights reserved"; VariantName = "[No Variations]"
Change component parameters (AddParameter): Name = "Manufacturer_Part_Number"; Value = "MFU0805FF01000P100"; VariantName = "[No Variations]"
Change component parameters (AddParameter): Name = "RefDes"; Value = "RefDes"; VariantName = "[No Variations]"
Change component parameters (AddParameter): Name = "SourceLibrary"; Value = "Vishay_2010-01-01_FUSE_MFU"; VariantName = "[No Variations]"
Change component parameters (AddParameter): Name = "Type"; Value = "DEV"; VariantName = "[No Variations]"
Change component parameters (AddParameter): Name = "Vendor"; Value = "VISHAY"; VariantName = "[No Variations]"
Change component parameters: Designator = "F17"; Footprint = "Fuse, 0805"; UniqueID = "\QDCBZDNP"
Change component parameters. Clean all parameters for all variants
Change component parameters (AddParameter): Name = "Built_By"; Value = "EMA_UL_Team"; VariantName = "[No Variations]"
Change component parameters (AddParameter): Name = "Copyright"; Value = "Copyright (C) 2018 Accelerated Designs. All rights reserved"; VariantName = "[No Variations]"
Change component parameters (AddParameter): Name = "Manufacturer_Part_Number"; Value = "MFU0805FF01000P100"; VariantName = "[No Variations]"
Change component parameters (AddParameter): Name = "RefDes"; Value = "RefDes"; VariantName = "[No Variations]"
Change component parameters (AddParameter): Name = "SourceLibrary"; Value = "Vishay_2010-01-01_FUSE_MFU"; VariantName = "[No Variations]"
Change component parameters (AddParameter): Name = "Type"; Value = "DEV"; VariantName = "[No Variations]"
Change component parameters (AddParameter): Name = "Vendor"; Value = "VISHAY"; VariantName = "[No Variations]"
Change component parameters: Designator = "F18"; Footprint = "Fuse, 0805"; UniqueID = "\EFVODPDW"
Change component parameters. Clean all parameters for all variants
Change component parameters (AddParameter): Name = "Built_By"; Value = "EMA_UL_Team"; VariantName = "[No Variations]"
Change component parameters (AddParameter): Name = "Copyright"; Value = "Copyright (C) 2018 Accelerated Designs. All rights reserved"; VariantName = "[No Variations]"
Change component parameters (AddParameter): Name = "Manufacturer_Part_Number"; Value = "MFU0805FF01000P100"; VariantName = "[No Variations]"
Change component parameters (AddParameter): Name = "RefDes"; Value = "RefDes"; VariantName = "[No Variations]"
Change component parameters (AddParameter): Name = "SourceLibrary"; Value = "Vishay_2010-01-01_FUSE_MFU"; VariantName = "[No Variations]"
Change component parameters (AddParameter): Name = "Type"; Value = "DEV"; VariantName = "[No Variations]"
Change component parameters (AddParameter): Name = "Vendor"; Value = "VISHAY"; VariantName = "[No Variations]"
Change component parameters: Designator = "F19"; Footprint = "Fuse, 0805"; UniqueID = "\BTDUUOXC"
Change component parameters. Clean all parameters for all variants
Change component parameters (AddParameter): Name = "Built_By"; Value = "EMA_UL_Team"; VariantName = "[No Variations]"
Change component parameters (AddParameter): Name = "Copyright"; Value = "Copyright (C) 2018 Accelerated Designs. All rights reserved"; VariantName = "[No Variations]"
Change component parameters (AddParameter): Name = "Manufacturer_Part_Number"; Value = "MFU0805FF01000P100"; VariantName = "[No Variations]"
Change component parameters (AddParameter): Name = "RefDes"; Value = "RefDes"; VariantName = "[No Variations]"
Change component parameters (AddParameter): Name = "SourceLibrary"; Value = "Vishay_2010-01-01_FUSE_MFU"; VariantName = "[No Variations]"
Change component parameters (AddParameter): Name = "Type"; Value = "DEV"; VariantName = "[No Variations]"
Change component parameters (AddParameter): Name = "Vendor"; Value = "VISHAY"; VariantName = "[No Variations]"
Added Pin To Net: NetName=NetF10_2 Pin=J3-0
Added Pin To Net: NetName=NetF11_2 Pin=J4-0
Added Pin To Net: NetName=NetF12_2 Pin=J5-0
Added Pin To Net: NetName=NetF13_2 Pin=J6-0
Added Pin To Net: NetName=NetF14_2 Pin=J7-0
Added Pin To Net: NetName=NetF15_2 Pin=J8-0
Added Pin To Net: NetName=NetF16_2 Pin=J9-0
Added Pin To Net: NetName=NetF17_2 Pin=J10-0
Added Pin To Net: NetName=NetF18_2 Pin=J11-0
Added Pin To Net: NetName=NetF19_2 Pin=J12-0
Added Pin To Net: NetName=NetF0_2 Pin=J13-0
Added Pin To Net: NetName=NetF1_2 Pin=J14-0
Added Pin To Net: NetName=NetF2_2 Pin=J15-0
Added Pin To Net: NetName=NetF3_2 Pin=J16-0
Added Pin To Net: NetName=NetF4_2 Pin=J17-0
Added Pin To Net: NetName=NetF5_2 Pin=J18-0
Added Pin To Net: NetName=NetF6_2 Pin=J19-0
Added Pin To Net: NetName=NetF7_2 Pin=J20-0
Added Pin To Net: NetName=NetF8_2 Pin=J21-0
Added Pin To Net: NetName=NetF9_2 Pin=J22-0
Added Member To Class: ClassName=BMSSlaveSchematic Member=Component J22 Cell Term
