Added Pin To Net: NetName=1-C9 Pin=C5-1
Added Pin To Net: NetName=1-C10 Pin=C5-1
Added Pin To Net: NetName=1-C8 Pin=C6-1
Added Pin To Net: NetName=1-C9 Pin=C6-1
Added Pin To Net: NetName=1-C7 Pin=C7-1
Added Pin To Net: NetName=1-C8 Pin=C7-1
Added Pin To Net: NetName=1-C7 Pin=C8-1
Added Pin To Net: NetName=1-C3 Pin=C9-1
Added Pin To Net: NetName=1-C4 Pin=C9-1
Added Pin To Net: NetName=1-C2 Pin=C10-1
Added Pin To Net: NetName=1-C3 Pin=C10-1
Added Pin To Net: NetName=1-C1 Pin=C11-1
Added Pin To Net: NetName=1-C2 Pin=C11-1
Added Pin To Net: NetName=1-C0 Pin=C12-1
Added Pin To Net: NetName=1-C1 Pin=C12-1
Added Pin To Net: NetName=1-C0 Pin=C14-1
Added Pin To Net: NetName=Net32_20 Pin=C14-1
Added Pin To Net: NetName=1-C0 Pin=C16-1
Added Pin To Net: NetName=2-C9 Pin=C22-1
Added Pin To Net: NetName=2-C10 Pin=C22-1
Added Pin To Net: NetName=2-C8 Pin=C23-1
Added Pin To Net: NetName=2-C9 Pin=C23-1
Added Pin To Net: NetName=2-C7 Pin=C24-1
Added Pin To Net: NetName=2-C8 Pin=C24-1
Added Pin To Net: NetName=2-C7 Pin=C25-1
Added Pin To Net: NetName=TopMuxTerm-2 Pin=C25-1
Added Pin To Net: NetName=2-C3 Pin=C26-1
Added Pin To Net: NetName=2-C4 Pin=C26-1
Added Pin To Net: NetName=2-C2 Pin=C27-1
Added Pin To Net: NetName=2-C3 Pin=C27-1
Added Pin To Net: NetName=2-C1 Pin=C28-1
Added Pin To Net: NetName=2-C2 Pin=C28-1
Added Pin To Net: NetName=1-C0 Pin=C29-1
Added Pin To Net: NetName=2-C1 Pin=C29-1
Added Pin To Net: NetName=NetC8_2 Pin=C8-1
Added Net: Name=NetC8_2
Added Pin To Net: NetName=NetC16_1 Pin=C16-1
Added Net: Name=NetC16_1
