Added Pin To Net: NetName=1-C9 Pin=C5-1
Added Pin To Net: NetName=1-C8 Pin=C6-1
Added Pin To Net: NetName=1-C7 Pin=C7-1
Added Pin To Net: NetName=1-C7 Pin=C8-1
Added Pin To Net: NetName=1-C3 Pin=C9-1
Added Pin To Net: NetName=1-C2 Pin=C10-1
Added Pin To Net: NetName=1-C1 Pin=C11-1
Added Pin To Net: NetName=1-C0 Pin=C12-1
Added Pin To Net: NetName=Net32_1 Pin=C14-1
Added Pin To Net: NetName=1-C0 Pin=C16-1
Added Pin To Net: NetName=2-C9 Pin=C22-1
Added Pin To Net: NetName=2-C8 Pin=C23-1
Added Pin To Net: NetName=2-C7 Pin=C24-1
Added Pin To Net: NetName=2-C7 Pin=C25-1
Added Pin To Net: NetName=2-C3 Pin=C26-1
Added Pin To Net: NetName=2-C2 Pin=C27-1
Added Pin To Net: NetName=2-C1 Pin=C28-1
Added Pin To Net: NetName=1-C0 Pin=C29-1
Added Pin To Net: NetName=2-C9 Pin=R50-1
Added Pin To Net: NetName=In1-B Pin=T0-2
Added Pin To Net: NetName=To2-A Pin=T1-4
Added Pin To Net: NetName=Out2-A Pin=T2-4
Added Pin To Net: NetName=Out2-B Pin=J1-2
Added Pin To Net: NetName=Out2-B Pin=T2-3
Added Net: Name=Out2-B
